
12616 : 0x2ab679036 : 1 : spill_jit_data :  Jit agent is not initialized
12616 : 0x2ab67935b : 2 : ittapi_config_mask_get :  --itt-config mask to be applied: 39
12616 : 0x2ab679457 : 2 : ittapi_config_apply_per_lib :  ITTAPI function instrumented: __itt_domain_createA
12616 : 0x2ab679476 : 2 : ittapi_config_apply_per_lib :  ITTAPI function instrumented: __itt_domain_createW
12616 : 0x2ab679490 : 2 : ittapi_config_apply_per_lib :  ITTAPI function instrumented: __itt_module_load_with_sections
12616 : 0x2ab6794b3 : 2 : ittapi_config_apply_per_lib :  ITTAPI function not implemented: __itt_module_unload_with_sections
12616 : 0x2ab6794cb : 2 : ittapi_config_apply_per_lib :  ITTAPI function instrumented: __itt_string_handle_createA
12616 : 0x2ab6794e0 : 2 : ittapi_config_apply_per_lib :  ITTAPI function instrumented: __itt_string_handle_createW
12616 : 0x2ab6794f6 : 2 : ittapi_config_apply_per_lib :  ITTAPI function instrumented: __itt_counter_createA
12616 : 0x2ab67950b : 2 : ittapi_config_apply_per_lib :  ITTAPI function instrumented: __itt_counter_createW
12616 : 0x2ab679bd2 : 2 : ittapi_config_apply_per_lib :  ITTAPI function instrumented: __itt_counter_create_typedA
12616 : 0x2ab679c0c : 2 : ittapi_config_apply_per_lib :  ITTAPI function instrumented: __itt_counter_create_typedW
12616 : 0x2ab679c2e : 2 : ittapi_config_apply_per_lib :  ITTAPI function instrumented: __itt_pause
12616 : 0x2ab679c44 : 2 : ittapi_config_apply_per_lib :  ITTAPI function instrumented: __itt_resume
12616 : 0x2ab679c5d : 2 : ittapi_config_apply_per_lib :  ITTAPI function instrumented: __itt_thread_set_nameA
12616 : 0x2ab679c73 : 2 : ittapi_config_apply_per_lib :  ITTAPI function instrumented: __itt_thread_set_nameW
12616 : 0x2ab679c88 : 2 : ittapi_config_apply_per_lib :  ITTAPI function instrumented: __itt_thread_ignore
12616 : 0x2ab679c9f : 2 : ittapi_config_apply_per_lib :  ITTAPI function instrumented: __itt_thr_name_setA
12616 : 0x2ab679cb4 : 2 : ittapi_config_apply_per_lib :  ITTAPI function instrumented: __itt_thr_name_setW
12616 : 0x2ab679cca : 2 : ittapi_config_apply_per_lib :  ITTAPI function instrumented: __itt_thr_ignore
12616 : 0x2ab679d7c : 2 : ittapi_config_apply_per_lib :  ITTAPI function not implemented: __itt_enable_attach
12616 : 0x2ab679da0 : 2 : ittapi_config_apply_per_lib :  ITTAPI function instrumented: __itt_detach
12616 : 0x2ab679db4 : 2 : ittapi_config_apply_per_lib :  ITTAPI function NOT instrumented (not matched by --itt-config option): __itt_sync_createA

12616 : 0x2ab679dd0 : 2 : ittapi_config_apply_per_lib :  ITTAPI function NOT instrumented (not matched by --itt-config option): __itt_sync_createW

12616 : 0x2ab679deb : 2 : ittapi_config_apply_per_lib :  ITTAPI function NOT instrumented (not matched by --itt-config option): __itt_sync_renameA

12616 : 0x2ab679e05 : 2 : ittapi_config_apply_per_lib :  ITTAPI function NOT instrumented (not matched by --itt-config option): __itt_sync_renameW

12616 : 0x2ab679e20 : 2 : ittapi_config_apply_per_lib :  ITTAPI function NOT instrumented (not matched by --itt-config option): __itt_sync_destroy

12616 : 0x2ab679e3b : 2 : ittapi_config_apply_per_lib :  ITTAPI function NOT instrumented (not matched by --itt-config option): __itt_sync_prepare

12616 : 0x2ab679e54 : 2 : ittapi_config_apply_per_lib :  ITTAPI function NOT instrumented (not matched by --itt-config option): __itt_sync_cancel

12616 : 0x2ab679e6f : 2 : ittapi_config_apply_per_lib :  ITTAPI function NOT instrumented (not matched by --itt-config option): __itt_sync_acquired

12616 : 0x2ab679ebe : 2 : ittapi_config_apply_per_lib :  ITTAPI function NOT instrumented (not matched by --itt-config option): __itt_sync_releasing

12616 : 0x2ab679eeb : 2 : ittapi_config_apply_per_lib :  ITTAPI function not implemented: __itt_suppress_push
12616 : 0x2ab679f05 : 2 : ittapi_config_apply_per_lib :  ITTAPI function not implemented: __itt_suppress_pop
12616 : 0x2ab679f3c : 2 : ittapi_config_apply_per_lib :  ITTAPI function not implemented: __itt_suppress_mark_range
12616 : 0x2ab679f60 : 2 : ittapi_config_apply_per_lib :  ITTAPI function not implemented: __itt_suppress_clear_range
12616 : 0x2ab679f73 : 2 : ittapi_config_apply_per_lib :  ITTAPI function NOT instrumented (not matched by --itt-config option): __itt_sync_prepare

12616 : 0x2ab679f96 : 2 : ittapi_config_apply_per_lib :  ITTAPI function NOT instrumented (not matched by --itt-config option): __itt_sync_cancel

12616 : 0x2ab679fb1 : 2 : ittapi_config_apply_per_lib :  ITTAPI function NOT instrumented (not matched by --itt-config option): __itt_sync_acquired

12616 : 0x2ab679fcc : 2 : ittapi_config_apply_per_lib :  ITTAPI function NOT instrumented (not matched by --itt-config option): __itt_sync_releasing

12616 : 0x2ab679fe8 : 2 : ittapi_config_apply_per_lib :  ITTAPI function NOT instrumented (not matched by --itt-config option): __itt_model_site_begin

12616 : 0x2ab67a1a0 : 2 : ittapi_config_apply_per_lib :  ITTAPI function NOT instrumented (not matched by --itt-config option): __itt_model_site_end

12616 : 0x2ab67a1c9 : 2 : ittapi_config_apply_per_lib :  ITTAPI function NOT instrumented (not matched by --itt-config option): __itt_model_task_begin

12616 : 0x2ab67a1e5 : 2 : ittapi_config_apply_per_lib :  ITTAPI function NOT instrumented (not matched by --itt-config option): __itt_model_task_end

12616 : 0x2ab67a202 : 2 : ittapi_config_apply_per_lib :  ITTAPI function NOT instrumented (not matched by --itt-config option): __itt_model_lock_acquire

12616 : 0x2ab67a21e : 2 : ittapi_config_apply_per_lib :  ITTAPI function NOT instrumented (not matched by --itt-config option): __itt_model_lock_release

12616 : 0x2ab67a23a : 2 : ittapi_config_apply_per_lib :  ITTAPI function NOT instrumented (not matched by --itt-config option): __itt_model_record_allocation

12616 : 0x2ab67a256 : 2 : ittapi_config_apply_per_lib :  ITTAPI function NOT instrumented (not matched by --itt-config option): __itt_model_record_deallocation

12616 : 0x2ab67a271 : 2 : ittapi_config_apply_per_lib :  ITTAPI function NOT instrumented (not matched by --itt-config option): __itt_model_induction_uses

12616 : 0x2ab67a28c : 2 : ittapi_config_apply_per_lib :  ITTAPI function NOT instrumented (not matched by --itt-config option): __itt_model_reduction_uses

12616 : 0x2ab67a2a7 : 2 : ittapi_config_apply_per_lib :  ITTAPI function NOT instrumented (not matched by --itt-config option): __itt_model_observe_uses

12616 : 0x2ab67a2f0 : 2 : ittapi_config_apply_per_lib :  ITTAPI function NOT instrumented (not matched by --itt-config option): __itt_model_clear_uses

12616 : 0x2ab67a30c : 2 : ittapi_config_apply_per_lib :  ITTAPI function NOT instrumented (not matched by --itt-config option): __itt_model_site_beginW

12616 : 0x2ab67a326 : 2 : ittapi_config_apply_per_lib :  ITTAPI function NOT instrumented (not matched by --itt-config option): __itt_model_task_beginW

12616 : 0x2ab67a341 : 2 : ittapi_config_apply_per_lib :  ITTAPI function NOT instrumented (not matched by --itt-config option): __itt_model_iteration_taskW

12616 : 0x2ab67a35d : 2 : ittapi_config_apply_per_lib :  ITTAPI function NOT instrumented (not matched by --itt-config option): __itt_model_site_beginA

12616 : 0x2ab67a378 : 2 : ittapi_config_apply_per_lib :  ITTAPI function NOT instrumented (not matched by --itt-config option): __itt_model_site_beginAL

12616 : 0x2ab67a392 : 2 : ittapi_config_apply_per_lib :  ITTAPI function NOT instrumented (not matched by --itt-config option): __itt_model_task_beginA

12616 : 0x2ab67a3ad : 2 : ittapi_config_apply_per_lib :  ITTAPI function NOT instrumented (not matched by --itt-config option): __itt_model_task_beginAL

12616 : 0x2ab67a3c8 : 2 : ittapi_config_apply_per_lib :  ITTAPI function NOT instrumented (not matched by --itt-config option): __itt_model_iteration_taskA

12616 : 0x2ab67a3e3 : 2 : ittapi_config_apply_per_lib :  ITTAPI function NOT instrumented (not matched by --itt-config option): __itt_model_iteration_taskAL

12616 : 0x2ab67a41b : 2 : ittapi_config_apply_per_lib :  ITTAPI function NOT instrumented (not matched by --itt-config option): __itt_model_site_end_2

12616 : 0x2ab67a435 : 2 : ittapi_config_apply_per_lib :  ITTAPI function NOT instrumented (not matched by --itt-config option): __itt_model_task_end_2

12616 : 0x2ab67a44f : 2 : ittapi_config_apply_per_lib :  ITTAPI function NOT instrumented (not matched by --itt-config option): __itt_model_lock_acquire_2

12616 : 0x2ab67a46a : 2 : ittapi_config_apply_per_lib :  ITTAPI function NOT instrumented (not matched by --itt-config option): __itt_model_lock_release_2

12616 : 0x2ab67a485 : 2 : ittapi_config_apply_per_lib :  ITTAPI function NOT instrumented (not matched by --itt-config option): __itt_model_aggregate_task

12616 : 0x2ab67a49f : 2 : ittapi_config_apply_per_lib :  ITTAPI function NOT instrumented (not matched by --itt-config option): __itt_model_disable_push

12616 : 0x2ab67a4b9 : 2 : ittapi_config_apply_per_lib :  ITTAPI function NOT instrumented (not matched by --itt-config option): __itt_model_disable_pop

12616 : 0x2ab67a4dc : 2 : ittapi_config_apply_per_lib :  ITTAPI function instrumented: __itt_heap_function_createA
12616 : 0x2ab67a4f1 : 2 : ittapi_config_apply_per_lib :  ITTAPI function instrumented: __itt_heap_function_createW
12616 : 0x2ab67a508 : 2 : ittapi_config_apply_per_lib :  ITTAPI function instrumented: __itt_heap_allocate_begin
12616 : 0x2ab67a54b : 2 : ittapi_config_apply_per_lib :  ITTAPI function instrumented: __itt_heap_allocate_end
12616 : 0x2ab67a561 : 2 : ittapi_config_apply_per_lib :  ITTAPI function instrumented: __itt_heap_free_begin
12616 : 0x2ab67a576 : 2 : ittapi_config_apply_per_lib :  ITTAPI function instrumented: __itt_heap_free_end
12616 : 0x2ab67a58c : 2 : ittapi_config_apply_per_lib :  ITTAPI function instrumented: __itt_heap_reallocate_begin
12616 : 0x2ab67a5c1 : 2 : ittapi_config_apply_per_lib :  ITTAPI function instrumented: __itt_heap_reallocate_end
12616 : 0x2ab67a5d9 : 2 : ittapi_config_apply_per_lib :  ITTAPI function not implemented: __itt_heap_internal_access_begin
12616 : 0x2ab67a5f1 : 2 : ittapi_config_apply_per_lib :  ITTAPI function not implemented: __itt_heap_internal_access_end
12616 : 0x2ab67a609 : 2 : ittapi_config_apply_per_lib :  ITTAPI function not implemented: __itt_heap_record_memory_growth_begin
12616 : 0x2ab67a620 : 2 : ittapi_config_apply_per_lib :  ITTAPI function not implemented: __itt_heap_record_memory_growth_end
12616 : 0x2ab67a636 : 2 : ittapi_config_apply_per_lib :  ITTAPI function not implemented: __itt_heap_reset_detection
12616 : 0x2ab67a673 : 2 : ittapi_config_apply_per_lib :  ITTAPI function not implemented: __itt_heap_record
12616 : 0x2ab67a68a : 2 : ittapi_config_apply_per_lib :  ITTAPI function not implemented: __itt_id_create
12616 : 0x2ab67a6a0 : 2 : ittapi_config_apply_per_lib :  ITTAPI function not implemented: __itt_id_destroy
12616 : 0x2ab67a6b6 : 2 : ittapi_config_apply_per_lib :  ITTAPI function instrumented: __itt_get_timestamp
12616 : 0x2ab67a6e1 : 2 : ittapi_config_apply_per_lib :  ITTAPI function not implemented: __itt_region_begin
12616 : 0x2ab67a6f8 : 2 : ittapi_config_apply_per_lib :  ITTAPI function not implemented: __itt_region_end
12616 : 0x2ab67a710 : 2 : ittapi_config_apply_per_lib :  ITTAPI function instrumented: __itt_frame_begin_v3
12616 : 0x2ab67a726 : 2 : ittapi_config_apply_per_lib :  ITTAPI function instrumented: __itt_frame_end_v3
12616 : 0x2ab67a73c : 2 : ittapi_config_apply_per_lib :  ITTAPI function instrumented: __itt_frame_submit_v3
12616 : 0x2ab67a753 : 2 : ittapi_config_apply_per_lib :  ITTAPI function not implemented: __itt_task_group
12616 : 0x2ab67a787 : 2 : ittapi_config_apply_per_lib :  ITTAPI function instrumented: __itt_task_begin
12616 : 0x2ab67a79e : 2 : ittapi_config_apply_per_lib :  ITTAPI function instrumented: __itt_task_begin_fn
12616 : 0x2ab67a7b3 : 2 : ittapi_config_apply_per_lib :  ITTAPI function instrumented: __itt_task_end
12616 : 0x2ab67a7cb : 2 : ittapi_config_apply_per_lib :  ITTAPI function not implemented: __itt_counter_inc_v3
12616 : 0x2ab67a7e2 : 2 : ittapi_config_apply_per_lib :  ITTAPI function not implemented: __itt_counter_inc_delta_v3
12616 : 0x2ab67a7fa : 2 : ittapi_config_apply_per_lib :  ITTAPI function not implemented: __itt_counter_dec_v3
12616 : 0x2ab67a812 : 2 : ittapi_config_apply_per_lib :  ITTAPI function not implemented: __itt_counter_dec_delta_v3
12616 : 0x2ab67a829 : 2 : ittapi_config_apply_per_lib :  ITTAPI function not implemented: __itt_marker
12616 : 0x2ab67a83f : 2 : ittapi_config_apply_per_lib :  ITTAPI function instrumented: __itt_metadata_add
12616 : 0x2ab67a855 : 2 : ittapi_config_apply_per_lib :  ITTAPI function not implemented: __itt_metadata_str_addA
12616 : 0x2ab67a89a : 2 : ittapi_config_apply_per_lib :  ITTAPI function not implemented: __itt_metadata_str_addW
12616 : 0x2ab67a8b3 : 2 : ittapi_config_apply_per_lib :  ITTAPI function not implemented: __itt_relation_add_to_current
12616 : 0x2ab67a8c9 : 2 : ittapi_config_apply_per_lib :  ITTAPI function not implemented: __itt_relation_add
12616 : 0x2ab67a8e2 : 2 : ittapi_config_apply_per_lib :  ITTAPI function instrumented: __itt_event_createA
12616 : 0x2ab67a8f6 : 2 : ittapi_config_apply_per_lib :  ITTAPI function instrumented: __itt_event_createW
12616 : 0x2ab67a90c : 2 : ittapi_config_apply_per_lib :  ITTAPI function instrumented: __itt_event_start
12616 : 0x2ab67a922 : 2 : ittapi_config_apply_per_lib :  ITTAPI function instrumented: __itt_event_end
12616 : 0x2ab67a934 : 2 : ittapi_config_apply_per_lib :  ITTAPI function NOT instrumented (not matched by --itt-config option): __itt_sync_set_nameA

12616 : 0x2ab67a94f : 2 : ittapi_config_apply_per_lib :  ITTAPI function NOT instrumented (not matched by --itt-config option): __itt_sync_set_nameW

12616 : 0x2ab67a96a : 2 : ittapi_config_apply_per_lib :  ITTAPI function NOT instrumented (not matched by --itt-config option): __itt_notify_sync_nameA

12616 : 0x2ab67a9ad : 2 : ittapi_config_apply_per_lib :  ITTAPI function NOT instrumented (not matched by --itt-config option): __itt_notify_sync_nameW

12616 : 0x2ab67a9c9 : 2 : ittapi_config_apply_per_lib :  ITTAPI function NOT instrumented (not matched by --itt-config option): __itt_notify_sync_prepare

12616 : 0x2ab67a9e4 : 2 : ittapi_config_apply_per_lib :  ITTAPI function NOT instrumented (not matched by --itt-config option): __itt_notify_sync_cancel

12616 : 0x2ab67a9ff : 2 : ittapi_config_apply_per_lib :  ITTAPI function NOT instrumented (not matched by --itt-config option): __itt_notify_sync_acquired

12616 : 0x2ab67aa19 : 2 : ittapi_config_apply_per_lib :  ITTAPI function NOT instrumented (not matched by --itt-config option): __itt_notify_sync_releasing

12616 : 0x2ab67aa3a : 2 : ittapi_config_apply_per_lib :  ITTAPI function not implemented: __itt_memory_read
12616 : 0x2ab67aa51 : 2 : ittapi_config_apply_per_lib :  ITTAPI function not implemented: __itt_memory_write
12616 : 0x2ab67aa67 : 2 : ittapi_config_apply_per_lib :  ITTAPI function not implemented: __itt_memory_update
12616 : 0x2ab67aa7f : 2 : ittapi_config_apply_per_lib :  ITTAPI function not implemented: __itt_state_get
12616 : 0x2ab67aa96 : 2 : ittapi_config_apply_per_lib :  ITTAPI function not implemented: __itt_state_set
12616 : 0x2ab67aac7 : 2 : ittapi_config_apply_per_lib :  ITTAPI function not implemented: __itt_obj_mode_set
12616 : 0x2ab67aae4 : 2 : ittapi_config_apply_per_lib :  ITTAPI function not implemented: __itt_thr_mode_set
12616 : 0x2ab67aafa : 2 : ittapi_config_apply_per_lib :  ITTAPI function instrumented: __itt_frame_createA
12616 : 0x2ab67ab0f : 2 : ittapi_config_apply_per_lib :  ITTAPI function instrumented: __itt_frame_createW
12616 : 0x2ab67ab25 : 2 : ittapi_config_apply_per_lib :  ITTAPI function instrumented: __itt_pt_region_createA
12616 : 0x2ab67ab39 : 2 : ittapi_config_apply_per_lib :  ITTAPI function instrumented: __itt_pt_region_createW
12616 : 0x2ab67ab4e : 2 : ittapi_config_apply_per_lib :  ITTAPI function instrumented: __itt_frame_begin
12616 : 0x2ab67ab64 : 2 : ittapi_config_apply_per_lib :  ITTAPI function instrumented: __itt_frame_end
12616 : 0x2ab67ab7c : 2 : ittapi_config_apply_per_lib :  ITTAPI function not implemented: __itt_counter_destroy
12616 : 0x2ab67ab92 : 2 : ittapi_config_apply_per_lib :  ITTAPI function instrumented: __itt_counter_inc
12616 : 0x2ab67abda : 2 : ittapi_config_apply_per_lib :  ITTAPI function instrumented: __itt_counter_inc_delta
12616 : 0x2ab67abf1 : 2 : ittapi_config_apply_per_lib :  ITTAPI function instrumented: __itt_counter_dec
12616 : 0x2ab67ac06 : 2 : ittapi_config_apply_per_lib :  ITTAPI function instrumented: __itt_counter_dec_delta
12616 : 0x2ab67ac1a : 2 : ittapi_config_apply_per_lib :  ITTAPI function instrumented: __itt_counter_set_value
12616 : 0x2ab67ac31 : 2 : ittapi_config_apply_per_lib :  ITTAPI function not implemented: __itt_counter_set_value_ex
12616 : 0x2ab67ac47 : 2 : ittapi_config_apply_per_lib :  ITTAPI function not implemented: __itt_mark_createA
12616 : 0x2ab67ac5d : 2 : ittapi_config_apply_per_lib :  ITTAPI function not implemented: __itt_mark_createW
12616 : 0x2ab67ac74 : 2 : ittapi_config_apply_per_lib :  ITTAPI function not implemented: __itt_markA
12616 : 0x2ab67ac8a : 2 : ittapi_config_apply_per_lib :  ITTAPI function not implemented: __itt_markW
12616 : 0x2ab67aca0 : 2 : ittapi_config_apply_per_lib :  ITTAPI function not implemented: __itt_mark_off
12616 : 0x2ab67add4 : 2 : ittapi_config_apply_per_lib :  ITTAPI function not implemented: __itt_mark_globalA
12616 : 0x2ab67adf3 : 2 : ittapi_config_apply_per_lib :  ITTAPI function not implemented: __itt_mark_globalW
12616 : 0x2ab67ae0a : 2 : ittapi_config_apply_per_lib :  ITTAPI function not implemented: __itt_mark_global_off
12616 : 0x2ab67ae1e : 2 : ittapi_config_apply_per_lib :  ITTAPI function NOT instrumented (not matched by --itt-config option): __itt_stack_caller_create

12616 : 0x2ab67ae39 : 2 : ittapi_config_apply_per_lib :  ITTAPI function NOT instrumented (not matched by --itt-config option): __itt_stack_caller_destroy

12616 : 0x2ab67ae54 : 2 : ittapi_config_apply_per_lib :  ITTAPI function NOT instrumented (not matched by --itt-config option): __itt_stack_callee_enter

12616 : 0x2ab67ae6f : 2 : ittapi_config_apply_per_lib :  ITTAPI function NOT instrumented (not matched by --itt-config option): __itt_stack_callee_leave

12616 : 0x2ab67ae8d : 2 : ittapi_config_apply_per_lib :  ITTAPI function not implemented: __itt_clock_domain_create
12616 : 0x2ab67aea4 : 2 : ittapi_config_apply_per_lib :  ITTAPI function not implemented: __itt_clock_domain_reset
12616 : 0x2ab67aebb : 2 : ittapi_config_apply_per_lib :  ITTAPI function not implemented: __itt_id_create_ex
12616 : 0x2ab67af01 : 2 : ittapi_config_apply_per_lib :  ITTAPI function not implemented: __itt_id_destroy_ex
12616 : 0x2ab67af1a : 2 : ittapi_config_apply_per_lib :  ITTAPI function not implemented: __itt_task_begin_ex
12616 : 0x2ab67af32 : 2 : ittapi_config_apply_per_lib :  ITTAPI function not implemented: __itt_task_begin_fn_ex
12616 : 0x2ab67af4a : 2 : ittapi_config_apply_per_lib :  ITTAPI function not implemented: __itt_task_end_ex
12616 : 0x2ab67af60 : 2 : ittapi_config_apply_per_lib :  ITTAPI function instrumented: __itt_task_begin_overlapped
12616 : 0x2ab67af76 : 2 : ittapi_config_apply_per_lib :  ITTAPI function not implemented: __itt_task_begin_overlapped_ex
12616 : 0x2ab67af8c : 2 : ittapi_config_apply_per_lib :  ITTAPI function instrumented: __itt_task_end_overlapped
12616 : 0x2ab67afa2 : 2 : ittapi_config_apply_per_lib :  ITTAPI function not implemented: __itt_task_end_overlapped_ex
12616 : 0x2ab67afb9 : 2 : ittapi_config_apply_per_lib :  ITTAPI function not implemented: __itt_marker_ex
12616 : 0x2ab67afd0 : 2 : ittapi_config_apply_per_lib :  ITTAPI function not implemented: __itt_metadata_add_with_scope
12616 : 0x2ab67b006 : 2 : ittapi_config_apply_per_lib :  ITTAPI function not implemented: __itt_metadata_str_add_with_scopeA
12616 : 0x2ab67b01f : 2 : ittapi_config_apply_per_lib :  ITTAPI function not implemented: __itt_metadata_str_add_with_scopeW
12616 : 0x2ab67b037 : 2 : ittapi_config_apply_per_lib :  ITTAPI function not implemented: __itt_relation_add_to_current_ex
12616 : 0x2ab67b04f : 2 : ittapi_config_apply_per_lib :  ITTAPI function not implemented: __itt_relation_add_ex
12616 : 0x2ab67b066 : 2 : ittapi_config_apply_per_lib :  ITTAPI function not implemented: __itt_track_group_create
12616 : 0x2ab67b07c : 2 : ittapi_config_apply_per_lib :  ITTAPI function not implemented: __itt_track_create
12616 : 0x2ab67b093 : 2 : ittapi_config_apply_per_lib :  ITTAPI function not implemented: __itt_set_track
12616 : 0x2ab67b0aa : 2 : ittapi_config_apply_per_lib :  ITTAPI function instrumented: __itt_api_version
12616 : 0x2ab67b0c1 : 2 : ittapi_config_apply_per_lib :  ITTAPI function not implemented: __itt_av_saveA
12616 : 0x2ab67b0d8 : 2 : ittapi_config_apply_per_lib :  ITTAPI function not implemented: __itt_av_saveW
12616 : 0x2ab67b119 : 2 : ittapi_config_apply_per_lib :  ITTAPI function instrumented: __itt_module_loadA
12616 : 0x2ab67b130 : 2 : ittapi_config_apply_per_lib :  ITTAPI function instrumented: __itt_module_loadW
12616 : 0x2ab67b146 : 2 : ittapi_config_apply_per_lib :  ITTAPI function not implemented: __itt_module_unload
12616 : 0x2ab67bec2 : 2 : ittapi_config_mask_get :  --itt-config mask to be applied: 39
12616 : 0x2ab67bef3 : 2 : ittapi_config_apply_per_lib :  ITTAPI function instrumented: __itt_domain_createA
12616 : 0x2ab67bf08 : 2 : ittapi_config_apply_per_lib :  ITTAPI function instrumented: __itt_domain_createW
12616 : 0x2ab67bf20 : 2 : ittapi_config_apply_per_lib :  ITTAPI function instrumented: __itt_string_handle_createA
12616 : 0x2ab67bf33 : 2 : ittapi_config_apply_per_lib :  ITTAPI function instrumented: __itt_string_handle_createW
12616 : 0x2ab67bf47 : 2 : ittapi_config_apply_per_lib :  ITTAPI function instrumented: __itt_counter_createA
12616 : 0x2ab67bf5c : 2 : ittapi_config_apply_per_lib :  ITTAPI function instrumented: __itt_counter_createW
12616 : 0x2ab67bfc3 : 2 : ittapi_config_apply_per_lib :  ITTAPI function instrumented: __itt_counter_create_typedA
12616 : 0x2ab67bfd9 : 2 : ittapi_config_apply_per_lib :  ITTAPI function instrumented: __itt_counter_create_typedW
12616 : 0x2ab67bff0 : 2 : ittapi_config_apply_per_lib :  ITTAPI function instrumented: __itt_pause
12616 : 0x2ab67c004 : 2 : ittapi_config_apply_per_lib :  ITTAPI function instrumented: __itt_resume
12616 : 0x2ab67c019 : 2 : ittapi_config_apply_per_lib :  ITTAPI function instrumented: __itt_thread_set_nameA
12616 : 0x2ab67c02f : 2 : ittapi_config_apply_per_lib :  ITTAPI function instrumented: __itt_thread_set_nameW
12616 : 0x2ab67c044 : 2 : ittapi_config_apply_per_lib :  ITTAPI function instrumented: __itt_thread_ignore
12616 : 0x2ab67c05b : 2 : ittapi_config_apply_per_lib :  ITTAPI function instrumented: __itt_thr_name_setA
12616 : 0x2ab67c06f : 2 : ittapi_config_apply_per_lib :  ITTAPI function instrumented: __itt_thr_name_setW
12616 : 0x2ab67c084 : 2 : ittapi_config_apply_per_lib :  ITTAPI function instrumented: __itt_thr_ignore
12616 : 0x2ab67c0ba : 2 : ittapi_config_apply_per_lib :  ITTAPI function not implemented: __itt_enable_attach
12616 : 0x2ab67c0d1 : 2 : ittapi_config_apply_per_lib :  ITTAPI function instrumented: __itt_detach
12616 : 0x2ab67c0e5 : 2 : ittapi_config_apply_per_lib :  ITTAPI function NOT instrumented (not matched by --itt-config option): __itt_sync_createA

12616 : 0x2ab67c100 : 2 : ittapi_config_apply_per_lib :  ITTAPI function NOT instrumented (not matched by --itt-config option): __itt_sync_createW

12616 : 0x2ab67c11a : 2 : ittapi_config_apply_per_lib :  ITTAPI function NOT instrumented (not matched by --itt-config option): __itt_sync_renameA

12616 : 0x2ab67c134 : 2 : ittapi_config_apply_per_lib :  ITTAPI function NOT instrumented (not matched by --itt-config option): __itt_sync_renameW

12616 : 0x2ab67c14e : 2 : ittapi_config_apply_per_lib :  ITTAPI function NOT instrumented (not matched by --itt-config option): __itt_sync_destroy

12616 : 0x2ab67c168 : 2 : ittapi_config_apply_per_lib :  ITTAPI function NOT instrumented (not matched by --itt-config option): __itt_sync_prepare

12616 : 0x2ab67c181 : 2 : ittapi_config_apply_per_lib :  ITTAPI function NOT instrumented (not matched by --itt-config option): __itt_sync_cancel

12616 : 0x2ab67c19b : 2 : ittapi_config_apply_per_lib :  ITTAPI function NOT instrumented (not matched by --itt-config option): __itt_sync_acquired

12616 : 0x2ab67c1d0 : 2 : ittapi_config_apply_per_lib :  ITTAPI function NOT instrumented (not matched by --itt-config option): __itt_sync_releasing

12616 : 0x2ab67c1f0 : 2 : ittapi_config_apply_per_lib :  ITTAPI function not implemented: __itt_suppress_push
12616 : 0x2ab67c207 : 2 : ittapi_config_apply_per_lib :  ITTAPI function not implemented: __itt_suppress_pop
12616 : 0x2ab67c21d : 2 : ittapi_config_apply_per_lib :  ITTAPI function not implemented: __itt_suppress_mark_range
12616 : 0x2ab67c234 : 2 : ittapi_config_apply_per_lib :  ITTAPI function not implemented: __itt_suppress_clear_range
12616 : 0x2ab67c246 : 2 : ittapi_config_apply_per_lib :  ITTAPI function NOT instrumented (not matched by --itt-config option): __itt_sync_prepare

12616 : 0x2ab67c261 : 2 : ittapi_config_apply_per_lib :  ITTAPI function NOT instrumented (not matched by --itt-config option): __itt_sync_cancel

12616 : 0x2ab67c27b : 2 : ittapi_config_apply_per_lib :  ITTAPI function NOT instrumented (not matched by --itt-config option): __itt_sync_acquired

12616 : 0x2ab67c296 : 2 : ittapi_config_apply_per_lib :  ITTAPI function NOT instrumented (not matched by --itt-config option): __itt_sync_releasing

12616 : 0x2ab67c2b0 : 2 : ittapi_config_apply_per_lib :  ITTAPI function NOT instrumented (not matched by --itt-config option): __itt_model_site_begin

12616 : 0x2ab67c2fc : 2 : ittapi_config_apply_per_lib :  ITTAPI function NOT instrumented (not matched by --itt-config option): __itt_model_site_end

12616 : 0x2ab67c318 : 2 : ittapi_config_apply_per_lib :  ITTAPI function NOT instrumented (not matched by --itt-config option): __itt_model_task_begin

12616 : 0x2ab67c333 : 2 : ittapi_config_apply_per_lib :  ITTAPI function NOT instrumented (not matched by --itt-config option): __itt_model_task_end

12616 : 0x2ab67c34d : 2 : ittapi_config_apply_per_lib :  ITTAPI function NOT instrumented (not matched by --itt-config option): __itt_model_lock_acquire

12616 : 0x2ab67c368 : 2 : ittapi_config_apply_per_lib :  ITTAPI function NOT instrumented (not matched by --itt-config option): __itt_model_lock_release

12616 : 0x2ab67c383 : 2 : ittapi_config_apply_per_lib :  ITTAPI function NOT instrumented (not matched by --itt-config option): __itt_model_record_allocation

12616 : 0x2ab67c39e : 2 : ittapi_config_apply_per_lib :  ITTAPI function NOT instrumented (not matched by --itt-config option): __itt_model_record_deallocation

12616 : 0x2ab67c3ba : 2 : ittapi_config_apply_per_lib :  ITTAPI function NOT instrumented (not matched by --itt-config option): __itt_model_induction_uses

12616 : 0x2ab67c3d5 : 2 : ittapi_config_apply_per_lib :  ITTAPI function NOT instrumented (not matched by --itt-config option): __itt_model_reduction_uses

12616 : 0x2ab67c3f0 : 2 : ittapi_config_apply_per_lib :  ITTAPI function NOT instrumented (not matched by --itt-config option): __itt_model_observe_uses

12616 : 0x2ab67c42c : 2 : ittapi_config_apply_per_lib :  ITTAPI function NOT instrumented (not matched by --itt-config option): __itt_model_clear_uses

12616 : 0x2ab67c447 : 2 : ittapi_config_apply_per_lib :  ITTAPI function NOT instrumented (not matched by --itt-config option): __itt_model_site_beginW

12616 : 0x2ab67c462 : 2 : ittapi_config_apply_per_lib :  ITTAPI function NOT instrumented (not matched by --itt-config option): __itt_model_task_beginW

12616 : 0x2ab67c47c : 2 : ittapi_config_apply_per_lib :  ITTAPI function NOT instrumented (not matched by --itt-config option): __itt_model_iteration_taskW

12616 : 0x2ab67c498 : 2 : ittapi_config_apply_per_lib :  ITTAPI function NOT instrumented (not matched by --itt-config option): __itt_model_site_beginA

12616 : 0x2ab67c4cd : 2 : ittapi_config_apply_per_lib :  ITTAPI function NOT instrumented (not matched by --itt-config option): __itt_model_site_beginAL

12616 : 0x2ab67c4e8 : 2 : ittapi_config_apply_per_lib :  ITTAPI function NOT instrumented (not matched by --itt-config option): __itt_model_task_beginA

12616 : 0x2ab67c502 : 2 : ittapi_config_apply_per_lib :  ITTAPI function NOT instrumented (not matched by --itt-config option): __itt_model_task_beginAL

12616 : 0x2ab67c51d : 2 : ittapi_config_apply_per_lib :  ITTAPI function NOT instrumented (not matched by --itt-config option): __itt_model_iteration_taskA

12616 : 0x2ab67c538 : 2 : ittapi_config_apply_per_lib :  ITTAPI function NOT instrumented (not matched by --itt-config option): __itt_model_iteration_taskAL

12616 : 0x2ab67c579 : 2 : ittapi_config_apply_per_lib :  ITTAPI function NOT instrumented (not matched by --itt-config option): __itt_model_site_end_2

12616 : 0x2ab67c594 : 2 : ittapi_config_apply_per_lib :  ITTAPI function NOT instrumented (not matched by --itt-config option): __itt_model_task_end_2

12616 : 0x2ab67c5b3 : 2 : ittapi_config_apply_per_lib :  ITTAPI function NOT instrumented (not matched by --itt-config option): __itt_model_lock_acquire_2

12616 : 0x2ab67c5e3 : 2 : ittapi_config_apply_per_lib :  ITTAPI function NOT instrumented (not matched by --itt-config option): __itt_model_lock_release_2

12616 : 0x2ab67c604 : 2 : ittapi_config_apply_per_lib :  ITTAPI function NOT instrumented (not matched by --itt-config option): __itt_model_aggregate_task

12616 : 0x2ab67c61f : 2 : ittapi_config_apply_per_lib :  ITTAPI function NOT instrumented (not matched by --itt-config option): __itt_model_disable_push

12616 : 0x2ab67c639 : 2 : ittapi_config_apply_per_lib :  ITTAPI function NOT instrumented (not matched by --itt-config option): __itt_model_disable_pop

12616 : 0x2ab67c659 : 2 : ittapi_config_apply_per_lib :  ITTAPI function instrumented: __itt_heap_function_createA
12616 : 0x2ab67c66d : 2 : ittapi_config_apply_per_lib :  ITTAPI function instrumented: __itt_heap_function_createW
12616 : 0x2ab67c682 : 2 : ittapi_config_apply_per_lib :  ITTAPI function instrumented: __itt_heap_allocate_begin
12616 : 0x2ab67c6be : 2 : ittapi_config_apply_per_lib :  ITTAPI function instrumented: __itt_heap_allocate_end
12616 : 0x2ab67c6d4 : 2 : ittapi_config_apply_per_lib :  ITTAPI function instrumented: __itt_heap_free_begin
12616 : 0x2ab67c6e9 : 2 : ittapi_config_apply_per_lib :  ITTAPI function instrumented: __itt_heap_free_end
12616 : 0x2ab67c6fe : 2 : ittapi_config_apply_per_lib :  ITTAPI function instrumented: __itt_heap_reallocate_begin
12616 : 0x2ab67c713 : 2 : ittapi_config_apply_per_lib :  ITTAPI function instrumented: __itt_heap_reallocate_end
12616 : 0x2ab67c72a : 2 : ittapi_config_apply_per_lib :  ITTAPI function not implemented: __itt_heap_internal_access_begin
12616 : 0x2ab67c741 : 2 : ittapi_config_apply_per_lib :  ITTAPI function not implemented: __itt_heap_internal_access_end
12616 : 0x2ab67c758 : 2 : ittapi_config_apply_per_lib :  ITTAPI function not implemented: __itt_heap_record_memory_growth_begin
12616 : 0x2ab67c770 : 2 : ittapi_config_apply_per_lib :  ITTAPI function not implemented: __itt_heap_record_memory_growth_end
12616 : 0x2ab67c786 : 2 : ittapi_config_apply_per_lib :  ITTAPI function not implemented: __itt_heap_reset_detection
12616 : 0x2ab67c7b9 : 2 : ittapi_config_apply_per_lib :  ITTAPI function not implemented: __itt_heap_record
12616 : 0x2ab67c7d0 : 2 : ittapi_config_apply_per_lib :  ITTAPI function not implemented: __itt_id_create
12616 : 0x2ab67c7e6 : 2 : ittapi_config_apply_per_lib :  ITTAPI function not implemented: __itt_id_destroy
12616 : 0x2ab67c7fc : 2 : ittapi_config_apply_per_lib :  ITTAPI function instrumented: __itt_get_timestamp
12616 : 0x2ab67c812 : 2 : ittapi_config_apply_per_lib :  ITTAPI function not implemented: __itt_region_begin
12616 : 0x2ab67c829 : 2 : ittapi_config_apply_per_lib :  ITTAPI function not implemented: __itt_region_end
12616 : 0x2ab67c83f : 2 : ittapi_config_apply_per_lib :  ITTAPI function instrumented: __itt_frame_begin_v3
12616 : 0x2ab67c855 : 2 : ittapi_config_apply_per_lib :  ITTAPI function instrumented: __itt_frame_end_v3
12616 : 0x2ab67c86a : 2 : ittapi_config_apply_per_lib :  ITTAPI function instrumented: __itt_frame_submit_v3
12616 : 0x2ab67c881 : 2 : ittapi_config_apply_per_lib :  ITTAPI function not implemented: __itt_task_group
12616 : 0x2ab67c8b2 : 2 : ittapi_config_apply_per_lib :  ITTAPI function instrumented: __itt_task_begin
12616 : 0x2ab67c8c9 : 2 : ittapi_config_apply_per_lib :  ITTAPI function instrumented: __itt_task_begin_fn
12616 : 0x2ab67c8f5 : 2 : ittapi_config_apply_per_lib :  ITTAPI function instrumented: __itt_task_end
12616 : 0x2ab67c90d : 2 : ittapi_config_apply_per_lib :  ITTAPI function not implemented: __itt_counter_inc_v3
12616 : 0x2ab67c925 : 2 : ittapi_config_apply_per_lib :  ITTAPI function not implemented: __itt_counter_inc_delta_v3
12616 : 0x2ab67c93c : 2 : ittapi_config_apply_per_lib :  ITTAPI function not implemented: __itt_counter_dec_v3
12616 : 0x2ab67c953 : 2 : ittapi_config_apply_per_lib :  ITTAPI function not implemented: __itt_counter_dec_delta_v3
12616 : 0x2ab67c96a : 2 : ittapi_config_apply_per_lib :  ITTAPI function not implemented: __itt_marker
12616 : 0x2ab67c980 : 2 : ittapi_config_apply_per_lib :  ITTAPI function instrumented: __itt_metadata_add
12616 : 0x2ab67c996 : 2 : ittapi_config_apply_per_lib :  ITTAPI function not implemented: __itt_metadata_str_addA
12616 : 0x2ab67cb2a : 2 : ittapi_config_apply_per_lib :  ITTAPI function not implemented: __itt_metadata_str_addW
12616 : 0x2ab67cb4e : 2 : ittapi_config_apply_per_lib :  ITTAPI function not implemented: __itt_relation_add_to_current
12616 : 0x2ab67cb64 : 2 : ittapi_config_apply_per_lib :  ITTAPI function not implemented: __itt_relation_add
12616 : 0x2ab67cb7a : 2 : ittapi_config_apply_per_lib :  ITTAPI function instrumented: __itt_event_createA
12616 : 0x2ab67cb8f : 2 : ittapi_config_apply_per_lib :  ITTAPI function instrumented: __itt_event_createW
12616 : 0x2ab67cba4 : 2 : ittapi_config_apply_per_lib :  ITTAPI function instrumented: __itt_event_start
12616 : 0x2ab67cbba : 2 : ittapi_config_apply_per_lib :  ITTAPI function instrumented: __itt_event_end
12616 : 0x2ab67cbcd : 2 : ittapi_config_apply_per_lib :  ITTAPI function NOT instrumented (not matched by --itt-config option): __itt_sync_set_nameA

12616 : 0x2ab67cbe8 : 2 : ittapi_config_apply_per_lib :  ITTAPI function NOT instrumented (not matched by --itt-config option): __itt_sync_set_nameW

12616 : 0x2ab67cc03 : 2 : ittapi_config_apply_per_lib :  ITTAPI function NOT instrumented (not matched by --itt-config option): __itt_notify_sync_nameA

12616 : 0x2ab67cc4a : 2 : ittapi_config_apply_per_lib :  ITTAPI function NOT instrumented (not matched by --itt-config option): __itt_notify_sync_nameW

12616 : 0x2ab67cc66 : 2 : ittapi_config_apply_per_lib :  ITTAPI function NOT instrumented (not matched by --itt-config option): __itt_notify_sync_prepare

12616 : 0x2ab67cc80 : 2 : ittapi_config_apply_per_lib :  ITTAPI function NOT instrumented (not matched by --itt-config option): __itt_notify_sync_cancel

12616 : 0x2ab67cc9a : 2 : ittapi_config_apply_per_lib :  ITTAPI function NOT instrumented (not matched by --itt-config option): __itt_notify_sync_acquired

12616 : 0x2ab67ccb7 : 2 : ittapi_config_apply_per_lib :  ITTAPI function NOT instrumented (not matched by --itt-config option): __itt_notify_sync_releasing

12616 : 0x2ab67ccd7 : 2 : ittapi_config_apply_per_lib :  ITTAPI function not implemented: __itt_memory_read
12616 : 0x2ab67ccee : 2 : ittapi_config_apply_per_lib :  ITTAPI function not implemented: __itt_memory_write
12616 : 0x2ab67cd05 : 2 : ittapi_config_apply_per_lib :  ITTAPI function not implemented: __itt_memory_update
12616 : 0x2ab67cd1b : 2 : ittapi_config_apply_per_lib :  ITTAPI function not implemented: __itt_state_get
12616 : 0x2ab67cd31 : 2 : ittapi_config_apply_per_lib :  ITTAPI function not implemented: __itt_state_set
12616 : 0x2ab67cd63 : 2 : ittapi_config_apply_per_lib :  ITTAPI function not implemented: __itt_obj_mode_set
12616 : 0x2ab67cd7b : 2 : ittapi_config_apply_per_lib :  ITTAPI function not implemented: __itt_thr_mode_set
12616 : 0x2ab67cd92 : 2 : ittapi_config_apply_per_lib :  ITTAPI function instrumented: __itt_frame_createA
12616 : 0x2ab67cda5 : 2 : ittapi_config_apply_per_lib :  ITTAPI function instrumented: __itt_frame_createW
12616 : 0x2ab67cdbb : 2 : ittapi_config_apply_per_lib :  ITTAPI function instrumented: __itt_pt_region_createA
12616 : 0x2ab67cdcf : 2 : ittapi_config_apply_per_lib :  ITTAPI function instrumented: __itt_pt_region_createW
12616 : 0x2ab67cde5 : 2 : ittapi_config_apply_per_lib :  ITTAPI function instrumented: __itt_frame_begin
12616 : 0x2ab67cdfa : 2 : ittapi_config_apply_per_lib :  ITTAPI function instrumented: __itt_frame_end
12616 : 0x2ab67ce12 : 2 : ittapi_config_apply_per_lib :  ITTAPI function not implemented: __itt_counter_destroy
12616 : 0x2ab67ce28 : 2 : ittapi_config_apply_per_lib :  ITTAPI function instrumented: __itt_counter_inc
12616 : 0x2ab67cf20 : 2 : ittapi_config_apply_per_lib :  ITTAPI function instrumented: __itt_counter_inc_delta
12616 : 0x2ab67cf39 : 2 : ittapi_config_apply_per_lib :  ITTAPI function instrumented: __itt_counter_dec
12616 : 0x2ab67cf4e : 2 : ittapi_config_apply_per_lib :  ITTAPI function instrumented: __itt_counter_dec_delta
12616 : 0x2ab67cf63 : 2 : ittapi_config_apply_per_lib :  ITTAPI function instrumented: __itt_counter_set_value
12616 : 0x2ab67cf79 : 2 : ittapi_config_apply_per_lib :  ITTAPI function not implemented: __itt_counter_set_value_ex
12616 : 0x2ab67cf90 : 2 : ittapi_config_apply_per_lib :  ITTAPI function not implemented: __itt_mark_createA
12616 : 0x2ab67cfa5 : 2 : ittapi_config_apply_per_lib :  ITTAPI function not implemented: __itt_mark_createW
12616 : 0x2ab67cfbb : 2 : ittapi_config_apply_per_lib :  ITTAPI function not implemented: __itt_markA
12616 : 0x2ab67cfd1 : 2 : ittapi_config_apply_per_lib :  ITTAPI function not implemented: __itt_markW
12616 : 0x2ab67cfe7 : 2 : ittapi_config_apply_per_lib :  ITTAPI function not implemented: __itt_mark_off
12616 : 0x2ab67d02a : 2 : ittapi_config_apply_per_lib :  ITTAPI function not implemented: __itt_mark_globalA
12616 : 0x2ab67d042 : 2 : ittapi_config_apply_per_lib :  ITTAPI function not implemented: __itt_mark_globalW
12616 : 0x2ab67d058 : 2 : ittapi_config_apply_per_lib :  ITTAPI function not implemented: __itt_mark_global_off
12616 : 0x2ab67d06c : 2 : ittapi_config_apply_per_lib :  ITTAPI function NOT instrumented (not matched by --itt-config option): __itt_stack_caller_create

12616 : 0x2ab67d088 : 2 : ittapi_config_apply_per_lib :  ITTAPI function NOT instrumented (not matched by --itt-config option): __itt_stack_caller_destroy

12616 : 0x2ab67d0a3 : 2 : ittapi_config_apply_per_lib :  ITTAPI function NOT instrumented (not matched by --itt-config option): __itt_stack_callee_enter

12616 : 0x2ab67d0be : 2 : ittapi_config_apply_per_lib :  ITTAPI function NOT instrumented (not matched by --itt-config option): __itt_stack_callee_leave

12616 : 0x2ab67d0f7 : 2 : ittapi_config_apply_per_lib :  ITTAPI function not implemented: __itt_clock_domain_create
12616 : 0x2ab67d10e : 2 : ittapi_config_apply_per_lib :  ITTAPI function not implemented: __itt_clock_domain_reset
12616 : 0x2ab67d125 : 2 : ittapi_config_apply_per_lib :  ITTAPI function not implemented: __itt_id_create_ex
12616 : 0x2ab67d158 : 2 : ittapi_config_apply_per_lib :  ITTAPI function not implemented: __itt_id_destroy_ex
12616 : 0x2ab67d170 : 2 : ittapi_config_apply_per_lib :  ITTAPI function not implemented: __itt_task_begin_ex
12616 : 0x2ab67d188 : 2 : ittapi_config_apply_per_lib :  ITTAPI function not implemented: __itt_task_begin_fn_ex
12616 : 0x2ab67d19f : 2 : ittapi_config_apply_per_lib :  ITTAPI function not implemented: __itt_task_end_ex
12616 : 0x2ab67d1c8 : 2 : ittapi_config_apply_per_lib :  ITTAPI function instrumented: __itt_task_begin_overlapped
12616 : 0x2ab67d1df : 2 : ittapi_config_apply_per_lib :  ITTAPI function not implemented: __itt_task_begin_overlapped_ex
12616 : 0x2ab67d1f6 : 2 : ittapi_config_apply_per_lib :  ITTAPI function instrumented: __itt_task_end_overlapped
12616 : 0x2ab67d20c : 2 : ittapi_config_apply_per_lib :  ITTAPI function not implemented: __itt_task_end_overlapped_ex
12616 : 0x2ab67d223 : 2 : ittapi_config_apply_per_lib :  ITTAPI function not implemented: __itt_marker_ex
12616 : 0x2ab67d239 : 2 : ittapi_config_apply_per_lib :  ITTAPI function not implemented: __itt_metadata_add_with_scope
12616 : 0x2ab67d26c : 2 : ittapi_config_apply_per_lib :  ITTAPI function not implemented: __itt_metadata_str_add_with_scopeA
12616 : 0x2ab67d284 : 2 : ittapi_config_apply_per_lib :  ITTAPI function not implemented: __itt_metadata_str_add_with_scopeW
12616 : 0x2ab67d29b : 2 : ittapi_config_apply_per_lib :  ITTAPI function not implemented: __itt_relation_add_to_current_ex
12616 : 0x2ab67d2b2 : 2 : ittapi_config_apply_per_lib :  ITTAPI function not implemented: __itt_relation_add_ex
12616 : 0x2ab67d2c9 : 2 : ittapi_config_apply_per_lib :  ITTAPI function not implemented: __itt_track_group_create
12616 : 0x2ab67d2e0 : 2 : ittapi_config_apply_per_lib :  ITTAPI function not implemented: __itt_track_create
12616 : 0x2ab67d2f7 : 2 : ittapi_config_apply_per_lib :  ITTAPI function not implemented: __itt_set_track
12616 : 0x2ab67d30d : 2 : ittapi_config_apply_per_lib :  ITTAPI function instrumented: __itt_api_version
12616 : 0x2ab67d323 : 2 : ittapi_config_apply_per_lib :  ITTAPI function not implemented: __itt_av_saveA
12616 : 0x2ab67d339 : 2 : ittapi_config_apply_per_lib :  ITTAPI function not implemented: __itt_av_saveW
12616 : 0x2ab67d48c : 2 : ittapi_config_apply_per_lib :  ITTAPI function instrumented: __itt_module_loadA
12616 : 0x2ab67d4a7 : 2 : ittapi_config_apply_per_lib :  ITTAPI function instrumented: __itt_module_loadW