
12508 : 0x363ff3a73 : 1 : spill_jit_data :  Jit agent is not initialized
12508 : 0x363ff3cf4 : 2 : ittapi_config_mask_get :  --itt-config mask to be applied: 39
12508 : 0x363ff3dbc : 2 : ittapi_config_apply_per_lib :  ITTAPI function instrumented: __itt_domain_createA
12508 : 0x363ff3e35 : 2 : ittapi_config_apply_per_lib :  ITTAPI function instrumented: __itt_domain_createW
12508 : 0x363ff3e59 : 2 : ittapi_config_apply_per_lib :  ITTAPI function instrumented: __itt_module_load_with_sections
12508 : 0x363ff3e93 : 2 : ittapi_config_apply_per_lib :  ITTAPI function not implemented: __itt_module_unload_with_sections
12508 : 0x363ff3eb5 : 2 : ittapi_config_apply_per_lib :  ITTAPI function instrumented: __itt_string_handle_createA
12508 : 0x363ff3ece : 2 : ittapi_config_apply_per_lib :  ITTAPI function instrumented: __itt_string_handle_createW
12508 : 0x363ff3eec : 2 : ittapi_config_apply_per_lib :  ITTAPI function instrumented: __itt_counter_createA
12508 : 0x363ff3f01 : 2 : ittapi_config_apply_per_lib :  ITTAPI function instrumented: __itt_counter_createW
12508 : 0x363ff41b1 : 2 : ittapi_config_apply_per_lib :  ITTAPI function instrumented: __itt_counter_create_typedA
12508 : 0x363ff41d9 : 2 : ittapi_config_apply_per_lib :  ITTAPI function instrumented: __itt_counter_create_typedW
12508 : 0x363ff41f9 : 2 : ittapi_config_apply_per_lib :  ITTAPI function instrumented: __itt_pause
12508 : 0x363ff4210 : 2 : ittapi_config_apply_per_lib :  ITTAPI function instrumented: __itt_resume
12508 : 0x363ff4226 : 2 : ittapi_config_apply_per_lib :  ITTAPI function instrumented: __itt_thread_set_nameA
12508 : 0x363ff423c : 2 : ittapi_config_apply_per_lib :  ITTAPI function instrumented: __itt_thread_set_nameW
12508 : 0x363ff4252 : 2 : ittapi_config_apply_per_lib :  ITTAPI function instrumented: __itt_thread_ignore
12508 : 0x363ff4269 : 2 : ittapi_config_apply_per_lib :  ITTAPI function instrumented: __itt_thr_name_setA
12508 : 0x363ff427d : 2 : ittapi_config_apply_per_lib :  ITTAPI function instrumented: __itt_thr_name_setW
12508 : 0x363ff4292 : 2 : ittapi_config_apply_per_lib :  ITTAPI function instrumented: __itt_thr_ignore
12508 : 0x363ff4310 : 2 : ittapi_config_apply_per_lib :  ITTAPI function not implemented: __itt_enable_attach
12508 : 0x363ff4328 : 2 : ittapi_config_apply_per_lib :  ITTAPI function instrumented: __itt_detach
12508 : 0x363ff433b : 2 : ittapi_config_apply_per_lib :  ITTAPI function NOT instrumented (not matched by --itt-config option): __itt_sync_createA

12508 : 0x363ff4357 : 2 : ittapi_config_apply_per_lib :  ITTAPI function NOT instrumented (not matched by --itt-config option): __itt_sync_createW

12508 : 0x363ff4374 : 2 : ittapi_config_apply_per_lib :  ITTAPI function NOT instrumented (not matched by --itt-config option): __itt_sync_renameA

12508 : 0x363ff438e : 2 : ittapi_config_apply_per_lib :  ITTAPI function NOT instrumented (not matched by --itt-config option): __itt_sync_renameW

12508 : 0x363ff43a9 : 2 : ittapi_config_apply_per_lib :  ITTAPI function NOT instrumented (not matched by --itt-config option): __itt_sync_destroy

12508 : 0x363ff43c3 : 2 : ittapi_config_apply_per_lib :  ITTAPI function NOT instrumented (not matched by --itt-config option): __itt_sync_prepare

12508 : 0x363ff43dd : 2 : ittapi_config_apply_per_lib :  ITTAPI function NOT instrumented (not matched by --itt-config option): __itt_sync_cancel

12508 : 0x363ff43f8 : 2 : ittapi_config_apply_per_lib :  ITTAPI function NOT instrumented (not matched by --itt-config option): __itt_sync_acquired

12508 : 0x363ff4430 : 2 : ittapi_config_apply_per_lib :  ITTAPI function NOT instrumented (not matched by --itt-config option): __itt_sync_releasing

12508 : 0x363ff4452 : 2 : ittapi_config_apply_per_lib :  ITTAPI function not implemented: __itt_suppress_push
12508 : 0x363ff4469 : 2 : ittapi_config_apply_per_lib :  ITTAPI function not implemented: __itt_suppress_pop
12508 : 0x363ff4480 : 2 : ittapi_config_apply_per_lib :  ITTAPI function not implemented: __itt_suppress_mark_range
12508 : 0x363ff4497 : 2 : ittapi_config_apply_per_lib :  ITTAPI function not implemented: __itt_suppress_clear_range
12508 : 0x363ff44aa : 2 : ittapi_config_apply_per_lib :  ITTAPI function NOT instrumented (not matched by --itt-config option): __itt_sync_prepare

12508 : 0x363ff44c4 : 2 : ittapi_config_apply_per_lib :  ITTAPI function NOT instrumented (not matched by --itt-config option): __itt_sync_cancel

12508 : 0x363ff44de : 2 : ittapi_config_apply_per_lib :  ITTAPI function NOT instrumented (not matched by --itt-config option): __itt_sync_acquired

12508 : 0x363ff44f9 : 2 : ittapi_config_apply_per_lib :  ITTAPI function NOT instrumented (not matched by --itt-config option): __itt_sync_releasing

12508 : 0x363ff4515 : 2 : ittapi_config_apply_per_lib :  ITTAPI function NOT instrumented (not matched by --itt-config option): __itt_model_site_begin

12508 : 0x363ff467b : 2 : ittapi_config_apply_per_lib :  ITTAPI function NOT instrumented (not matched by --itt-config option): __itt_model_site_end

12508 : 0x363ff469d : 2 : ittapi_config_apply_per_lib :  ITTAPI function NOT instrumented (not matched by --itt-config option): __itt_model_task_begin

12508 : 0x363ff46b8 : 2 : ittapi_config_apply_per_lib :  ITTAPI function NOT instrumented (not matched by --itt-config option): __itt_model_task_end

12508 : 0x363ff46d3 : 2 : ittapi_config_apply_per_lib :  ITTAPI function NOT instrumented (not matched by --itt-config option): __itt_model_lock_acquire

12508 : 0x363ff46ee : 2 : ittapi_config_apply_per_lib :  ITTAPI function NOT instrumented (not matched by --itt-config option): __itt_model_lock_release

12508 : 0x363ff4709 : 2 : ittapi_config_apply_per_lib :  ITTAPI function NOT instrumented (not matched by --itt-config option): __itt_model_record_allocation

12508 : 0x363ff4725 : 2 : ittapi_config_apply_per_lib :  ITTAPI function NOT instrumented (not matched by --itt-config option): __itt_model_record_deallocation

12508 : 0x363ff4741 : 2 : ittapi_config_apply_per_lib :  ITTAPI function NOT instrumented (not matched by --itt-config option): __itt_model_induction_uses

12508 : 0x363ff475c : 2 : ittapi_config_apply_per_lib :  ITTAPI function NOT instrumented (not matched by --itt-config option): __itt_model_reduction_uses

12508 : 0x363ff4777 : 2 : ittapi_config_apply_per_lib :  ITTAPI function NOT instrumented (not matched by --itt-config option): __itt_model_observe_uses

12508 : 0x363ff47bf : 2 : ittapi_config_apply_per_lib :  ITTAPI function NOT instrumented (not matched by --itt-config option): __itt_model_clear_uses

12508 : 0x363ff47dc : 2 : ittapi_config_apply_per_lib :  ITTAPI function NOT instrumented (not matched by --itt-config option): __itt_model_site_beginW

12508 : 0x363ff47f6 : 2 : ittapi_config_apply_per_lib :  ITTAPI function NOT instrumented (not matched by --itt-config option): __itt_model_task_beginW

12508 : 0x363ff4811 : 2 : ittapi_config_apply_per_lib :  ITTAPI function NOT instrumented (not matched by --itt-config option): __itt_model_iteration_taskW

12508 : 0x363ff482c : 2 : ittapi_config_apply_per_lib :  ITTAPI function NOT instrumented (not matched by --itt-config option): __itt_model_site_beginA

12508 : 0x363ff4847 : 2 : ittapi_config_apply_per_lib :  ITTAPI function NOT instrumented (not matched by --itt-config option): __itt_model_site_beginAL

12508 : 0x363ff4862 : 2 : ittapi_config_apply_per_lib :  ITTAPI function NOT instrumented (not matched by --itt-config option): __itt_model_task_beginA

12508 : 0x363ff487c : 2 : ittapi_config_apply_per_lib :  ITTAPI function NOT instrumented (not matched by --itt-config option): __itt_model_task_beginAL

12508 : 0x363ff4897 : 2 : ittapi_config_apply_per_lib :  ITTAPI function NOT instrumented (not matched by --itt-config option): __itt_model_iteration_taskA

12508 : 0x363ff48b2 : 2 : ittapi_config_apply_per_lib :  ITTAPI function NOT instrumented (not matched by --itt-config option): __itt_model_iteration_taskAL

12508 : 0x363ff48ec : 2 : ittapi_config_apply_per_lib :  ITTAPI function NOT instrumented (not matched by --itt-config option): __itt_model_site_end_2

12508 : 0x363ff4907 : 2 : ittapi_config_apply_per_lib :  ITTAPI function NOT instrumented (not matched by --itt-config option): __itt_model_task_end_2

12508 : 0x363ff4921 : 2 : ittapi_config_apply_per_lib :  ITTAPI function NOT instrumented (not matched by --itt-config option): __itt_model_lock_acquire_2

12508 : 0x363ff493c : 2 : ittapi_config_apply_per_lib :  ITTAPI function NOT instrumented (not matched by --itt-config option): __itt_model_lock_release_2

12508 : 0x363ff4957 : 2 : ittapi_config_apply_per_lib :  ITTAPI function NOT instrumented (not matched by --itt-config option): __itt_model_aggregate_task

12508 : 0x363ff4971 : 2 : ittapi_config_apply_per_lib :  ITTAPI function NOT instrumented (not matched by --itt-config option): __itt_model_disable_push

12508 : 0x363ff498b : 2 : ittapi_config_apply_per_lib :  ITTAPI function NOT instrumented (not matched by --itt-config option): __itt_model_disable_pop

12508 : 0x363ff49af : 2 : ittapi_config_apply_per_lib :  ITTAPI function instrumented: __itt_heap_function_createA
12508 : 0x363ff49c3 : 2 : ittapi_config_apply_per_lib :  ITTAPI function instrumented: __itt_heap_function_createW
12508 : 0x363ff49d9 : 2 : ittapi_config_apply_per_lib :  ITTAPI function instrumented: __itt_heap_allocate_begin
12508 : 0x363ff4a19 : 2 : ittapi_config_apply_per_lib :  ITTAPI function instrumented: __itt_heap_allocate_end
12508 : 0x363ff4a31 : 2 : ittapi_config_apply_per_lib :  ITTAPI function instrumented: __itt_heap_free_begin
12508 : 0x363ff4a46 : 2 : ittapi_config_apply_per_lib :  ITTAPI function instrumented: __itt_heap_free_end
12508 : 0x363ff4a5b : 2 : ittapi_config_apply_per_lib :  ITTAPI function instrumented: __itt_heap_reallocate_begin
12508 : 0x363ff4a71 : 2 : ittapi_config_apply_per_lib :  ITTAPI function instrumented: __itt_heap_reallocate_end
12508 : 0x363ff4aa5 : 2 : ittapi_config_apply_per_lib :  ITTAPI function not implemented: __itt_heap_internal_access_begin
12508 : 0x363ff4abe : 2 : ittapi_config_apply_per_lib :  ITTAPI function not implemented: __itt_heap_internal_access_end
12508 : 0x363ff4ad6 : 2 : ittapi_config_apply_per_lib :  ITTAPI function not implemented: __itt_heap_record_memory_growth_begin
12508 : 0x363ff4aed : 2 : ittapi_config_apply_per_lib :  ITTAPI function not implemented: __itt_heap_record_memory_growth_end
12508 : 0x363ff4b04 : 2 : ittapi_config_apply_per_lib :  ITTAPI function not implemented: __itt_heap_reset_detection
12508 : 0x363ff4b41 : 2 : ittapi_config_apply_per_lib :  ITTAPI function not implemented: __itt_heap_record
12508 : 0x363ff4b59 : 2 : ittapi_config_apply_per_lib :  ITTAPI function not implemented: __itt_id_create
12508 : 0x363ff4b6f : 2 : ittapi_config_apply_per_lib :  ITTAPI function not implemented: __itt_id_destroy
12508 : 0x363ff4b85 : 2 : ittapi_config_apply_per_lib :  ITTAPI function instrumented: __itt_get_timestamp
12508 : 0x363ff4b9d : 2 : ittapi_config_apply_per_lib :  ITTAPI function not implemented: __itt_region_begin
12508 : 0x363ff4bb3 : 2 : ittapi_config_apply_per_lib :  ITTAPI function not implemented: __itt_region_end
12508 : 0x363ff4bca : 2 : ittapi_config_apply_per_lib :  ITTAPI function instrumented: __itt_frame_begin_v3
12508 : 0x363ff4be0 : 2 : ittapi_config_apply_per_lib :  ITTAPI function instrumented: __itt_frame_end_v3
12508 : 0x363ff4bf6 : 2 : ittapi_config_apply_per_lib :  ITTAPI function instrumented: __itt_frame_submit_v3
12508 : 0x363ff4c0d : 2 : ittapi_config_apply_per_lib :  ITTAPI function not implemented: __itt_task_group
12508 : 0x363ff4c45 : 2 : ittapi_config_apply_per_lib :  ITTAPI function instrumented: __itt_task_begin
12508 : 0x363ff4c5b : 2 : ittapi_config_apply_per_lib :  ITTAPI function instrumented: __itt_task_begin_fn
12508 : 0x363ff4c71 : 2 : ittapi_config_apply_per_lib :  ITTAPI function instrumented: __itt_task_end
12508 : 0x363ff4c88 : 2 : ittapi_config_apply_per_lib :  ITTAPI function not implemented: __itt_counter_inc_v3
12508 : 0x363ff4ca0 : 2 : ittapi_config_apply_per_lib :  ITTAPI function not implemented: __itt_counter_inc_delta_v3
12508 : 0x363ff4cba : 2 : ittapi_config_apply_per_lib :  ITTAPI function not implemented: __itt_counter_dec_v3
12508 : 0x363ff4cd8 : 2 : ittapi_config_apply_per_lib :  ITTAPI function not implemented: __itt_counter_dec_delta_v3
12508 : 0x363ff4cf5 : 2 : ittapi_config_apply_per_lib :  ITTAPI function not implemented: __itt_marker
12508 : 0x363ff4d14 : 2 : ittapi_config_apply_per_lib :  ITTAPI function instrumented: __itt_metadata_add
12508 : 0x363ff4d31 : 2 : ittapi_config_apply_per_lib :  ITTAPI function not implemented: __itt_metadata_str_addA
12508 : 0x363ff4d8c : 2 : ittapi_config_apply_per_lib :  ITTAPI function not implemented: __itt_metadata_str_addW
12508 : 0x363ff4db1 : 2 : ittapi_config_apply_per_lib :  ITTAPI function not implemented: __itt_relation_add_to_current
12508 : 0x363ff4dd0 : 2 : ittapi_config_apply_per_lib :  ITTAPI function not implemented: __itt_relation_add
12508 : 0x363ff4dee : 2 : ittapi_config_apply_per_lib :  ITTAPI function instrumented: __itt_event_createA
12508 : 0x363ff4e0c : 2 : ittapi_config_apply_per_lib :  ITTAPI function instrumented: __itt_event_createW
12508 : 0x363ff4e29 : 2 : ittapi_config_apply_per_lib :  ITTAPI function instrumented: __itt_event_start
12508 : 0x363ff4e47 : 2 : ittapi_config_apply_per_lib :  ITTAPI function instrumented: __itt_event_end
12508 : 0x363ff4e61 : 2 : ittapi_config_apply_per_lib :  ITTAPI function NOT instrumented (not matched by --itt-config option): __itt_sync_set_nameA

12508 : 0x363ff4e85 : 2 : ittapi_config_apply_per_lib :  ITTAPI function NOT instrumented (not matched by --itt-config option): __itt_sync_set_nameW

12508 : 0x363ff4eaa : 2 : ittapi_config_apply_per_lib :  ITTAPI function NOT instrumented (not matched by --itt-config option): __itt_notify_sync_nameA

12508 : 0x363ff4eff : 2 : ittapi_config_apply_per_lib :  ITTAPI function NOT instrumented (not matched by --itt-config option): __itt_notify_sync_nameW

12508 : 0x363ff4f25 : 2 : ittapi_config_apply_per_lib :  ITTAPI function NOT instrumented (not matched by --itt-config option): __itt_notify_sync_prepare

12508 : 0x363ff4f49 : 2 : ittapi_config_apply_per_lib :  ITTAPI function NOT instrumented (not matched by --itt-config option): __itt_notify_sync_cancel

12508 : 0x363ff4f6f : 2 : ittapi_config_apply_per_lib :  ITTAPI function NOT instrumented (not matched by --itt-config option): __itt_notify_sync_acquired

12508 : 0x363ff4f94 : 2 : ittapi_config_apply_per_lib :  ITTAPI function NOT instrumented (not matched by --itt-config option): __itt_notify_sync_releasing

12508 : 0x363ff4fbf : 2 : ittapi_config_apply_per_lib :  ITTAPI function not implemented: __itt_memory_read
12508 : 0x363ff4fdf : 2 : ittapi_config_apply_per_lib :  ITTAPI function not implemented: __itt_memory_write
12508 : 0x363ff501b : 2 : ittapi_config_apply_per_lib :  ITTAPI function not implemented: __itt_memory_update
12508 : 0x363ff503a : 2 : ittapi_config_apply_per_lib :  ITTAPI function not implemented: __itt_state_get
12508 : 0x363ff5050 : 2 : ittapi_config_apply_per_lib :  ITTAPI function not implemented: __itt_state_set
12508 : 0x363ff5097 : 2 : ittapi_config_apply_per_lib :  ITTAPI function not implemented: __itt_obj_mode_set
12508 : 0x363ff50b8 : 2 : ittapi_config_apply_per_lib :  ITTAPI function not implemented: __itt_thr_mode_set
12508 : 0x363ff50d5 : 2 : ittapi_config_apply_per_lib :  ITTAPI function instrumented: __itt_frame_createA
12508 : 0x363ff50ef : 2 : ittapi_config_apply_per_lib :  ITTAPI function instrumented: __itt_frame_createW
12508 : 0x363ff510c : 2 : ittapi_config_apply_per_lib :  ITTAPI function instrumented: __itt_pt_region_createA
12508 : 0x363ff5127 : 2 : ittapi_config_apply_per_lib :  ITTAPI function instrumented: __itt_pt_region_createW
12508 : 0x363ff5143 : 2 : ittapi_config_apply_per_lib :  ITTAPI function instrumented: __itt_frame_begin
12508 : 0x363ff5161 : 2 : ittapi_config_apply_per_lib :  ITTAPI function instrumented: __itt_frame_end
12508 : 0x363ff5179 : 2 : ittapi_config_apply_per_lib :  ITTAPI function not implemented: __itt_counter_destroy
12508 : 0x363ff518e : 2 : ittapi_config_apply_per_lib :  ITTAPI function instrumented: __itt_counter_inc
12508 : 0x363ff51c7 : 2 : ittapi_config_apply_per_lib :  ITTAPI function instrumented: __itt_counter_inc_delta
12508 : 0x363ff51de : 2 : ittapi_config_apply_per_lib :  ITTAPI function instrumented: __itt_counter_dec
12508 : 0x363ff51f3 : 2 : ittapi_config_apply_per_lib :  ITTAPI function instrumented: __itt_counter_dec_delta
12508 : 0x363ff5208 : 2 : ittapi_config_apply_per_lib :  ITTAPI function instrumented: __itt_counter_set_value
12508 : 0x363ff521e : 2 : ittapi_config_apply_per_lib :  ITTAPI function not implemented: __itt_counter_set_value_ex
12508 : 0x363ff5235 : 2 : ittapi_config_apply_per_lib :  ITTAPI function not implemented: __itt_mark_createA
12508 : 0x363ff524b : 2 : ittapi_config_apply_per_lib :  ITTAPI function not implemented: __itt_mark_createW
12508 : 0x363ff5261 : 2 : ittapi_config_apply_per_lib :  ITTAPI function not implemented: __itt_markA
12508 : 0x363ff5277 : 2 : ittapi_config_apply_per_lib :  ITTAPI function not implemented: __itt_markW
12508 : 0x363ff528f : 2 : ittapi_config_apply_per_lib :  ITTAPI function not implemented: __itt_mark_off
12508 : 0x363ff540f : 2 : ittapi_config_apply_per_lib :  ITTAPI function not implemented: __itt_mark_globalA
12508 : 0x363ff542c : 2 : ittapi_config_apply_per_lib :  ITTAPI function not implemented: __itt_mark_globalW
12508 : 0x363ff5443 : 2 : ittapi_config_apply_per_lib :  ITTAPI function not implemented: __itt_mark_global_off
12508 : 0x363ff547b : 2 : ittapi_config_apply_per_lib :  ITTAPI function NOT instrumented (not matched by --itt-config option): __itt_stack_caller_create

12508 : 0x363ff5496 : 2 : ittapi_config_apply_per_lib :  ITTAPI function NOT instrumented (not matched by --itt-config option): __itt_stack_caller_destroy

12508 : 0x363ff54b1 : 2 : ittapi_config_apply_per_lib :  ITTAPI function NOT instrumented (not matched by --itt-config option): __itt_stack_callee_enter

12508 : 0x363ff54cc : 2 : ittapi_config_apply_per_lib :  ITTAPI function NOT instrumented (not matched by --itt-config option): __itt_stack_callee_leave

12508 : 0x363ff54eb : 2 : ittapi_config_apply_per_lib :  ITTAPI function not implemented: __itt_clock_domain_create
12508 : 0x363ff5502 : 2 : ittapi_config_apply_per_lib :  ITTAPI function not implemented: __itt_clock_domain_reset
12508 : 0x363ff5518 : 2 : ittapi_config_apply_per_lib :  ITTAPI function not implemented: __itt_id_create_ex
12508 : 0x363ff5561 : 2 : ittapi_config_apply_per_lib :  ITTAPI function not implemented: __itt_id_destroy_ex
12508 : 0x363ff557a : 2 : ittapi_config_apply_per_lib :  ITTAPI function not implemented: __itt_task_begin_ex
12508 : 0x363ff5592 : 2 : ittapi_config_apply_per_lib :  ITTAPI function not implemented: __itt_task_begin_fn_ex
12508 : 0x363ff55a9 : 2 : ittapi_config_apply_per_lib :  ITTAPI function not implemented: __itt_task_end_ex
12508 : 0x363ff55ca : 2 : ittapi_config_apply_per_lib :  ITTAPI function instrumented: __itt_task_begin_overlapped
12508 : 0x363ff55e9 : 2 : ittapi_config_apply_per_lib :  ITTAPI function not implemented: __itt_task_begin_overlapped_ex
12508 : 0x363ff5607 : 2 : ittapi_config_apply_per_lib :  ITTAPI function instrumented: __itt_task_end_overlapped
12508 : 0x363ff5626 : 2 : ittapi_config_apply_per_lib :  ITTAPI function not implemented: __itt_task_end_overlapped_ex
12508 : 0x363ff5640 : 2 : ittapi_config_apply_per_lib :  ITTAPI function not implemented: __itt_marker_ex
12508 : 0x363ff5657 : 2 : ittapi_config_apply_per_lib :  ITTAPI function not implemented: __itt_metadata_add_with_scope
12508 : 0x363ff569c : 2 : ittapi_config_apply_per_lib :  ITTAPI function not implemented: __itt_metadata_str_add_with_scopeA
12508 : 0x363ff56bd : 2 : ittapi_config_apply_per_lib :  ITTAPI function not implemented: __itt_metadata_str_add_with_scopeW
12508 : 0x363ff56e0 : 2 : ittapi_config_apply_per_lib :  ITTAPI function not implemented: __itt_relation_add_to_current_ex
12508 : 0x363ff56fe : 2 : ittapi_config_apply_per_lib :  ITTAPI function not implemented: __itt_relation_add_ex
12508 : 0x363ff571e : 2 : ittapi_config_apply_per_lib :  ITTAPI function not implemented: __itt_track_group_create
12508 : 0x363ff573e : 2 : ittapi_config_apply_per_lib :  ITTAPI function not implemented: __itt_track_create
12508 : 0x363ff575e : 2 : ittapi_config_apply_per_lib :  ITTAPI function not implemented: __itt_set_track
12508 : 0x363ff577c : 2 : ittapi_config_apply_per_lib :  ITTAPI function instrumented: __itt_api_version
12508 : 0x363ff579a : 2 : ittapi_config_apply_per_lib :  ITTAPI function not implemented: __itt_av_saveA
12508 : 0x363ff57bd : 2 : ittapi_config_apply_per_lib :  ITTAPI function not implemented: __itt_av_saveW
12508 : 0x363ff5912 : 2 : ittapi_config_apply_per_lib :  ITTAPI function instrumented: __itt_module_loadA
12508 : 0x363ff5939 : 2 : ittapi_config_apply_per_lib :  ITTAPI function instrumented: __itt_module_loadW
12508 : 0x363ff595a : 2 : ittapi_config_apply_per_lib :  ITTAPI function not implemented: __itt_module_unload
12508 : 0x363ff6671 : 2 : ittapi_config_mask_get :  --itt-config mask to be applied: 39
12508 : 0x363ff66a5 : 2 : ittapi_config_apply_per_lib :  ITTAPI function instrumented: __itt_domain_createA
12508 : 0x363ff66bc : 2 : ittapi_config_apply_per_lib :  ITTAPI function instrumented: __itt_domain_createW
12508 : 0x363ff66d3 : 2 : ittapi_config_apply_per_lib :  ITTAPI function instrumented: __itt_string_handle_createA
12508 : 0x363ff66e7 : 2 : ittapi_config_apply_per_lib :  ITTAPI function instrumented: __itt_string_handle_createW
12508 : 0x363ff66fb : 2 : ittapi_config_apply_per_lib :  ITTAPI function instrumented: __itt_counter_createA
12508 : 0x363ff670f : 2 : ittapi_config_apply_per_lib :  ITTAPI function instrumented: __itt_counter_createW
12508 : 0x363ff6783 : 2 : ittapi_config_apply_per_lib :  ITTAPI function instrumented: __itt_counter_create_typedA
12508 : 0x363ff679a : 2 : ittapi_config_apply_per_lib :  ITTAPI function instrumented: __itt_counter_create_typedW
12508 : 0x363ff67b2 : 2 : ittapi_config_apply_per_lib :  ITTAPI function instrumented: __itt_pause
12508 : 0x363ff67c7 : 2 : ittapi_config_apply_per_lib :  ITTAPI function instrumented: __itt_resume
12508 : 0x363ff67dc : 2 : ittapi_config_apply_per_lib :  ITTAPI function instrumented: __itt_thread_set_nameA
12508 : 0x363ff67f1 : 2 : ittapi_config_apply_per_lib :  ITTAPI function instrumented: __itt_thread_set_nameW
12508 : 0x363ff6807 : 2 : ittapi_config_apply_per_lib :  ITTAPI function instrumented: __itt_thread_ignore
12508 : 0x363ff681e : 2 : ittapi_config_apply_per_lib :  ITTAPI function instrumented: __itt_thr_name_setA
12508 : 0x363ff6834 : 2 : ittapi_config_apply_per_lib :  ITTAPI function instrumented: __itt_thr_name_setW
12508 : 0x363ff6848 : 2 : ittapi_config_apply_per_lib :  ITTAPI function instrumented: __itt_thr_ignore
12508 : 0x363ff687e : 2 : ittapi_config_apply_per_lib :  ITTAPI function not implemented: __itt_enable_attach
12508 : 0x363ff6895 : 2 : ittapi_config_apply_per_lib :  ITTAPI function instrumented: __itt_detach
12508 : 0x363ff68a7 : 2 : ittapi_config_apply_per_lib :  ITTAPI function NOT instrumented (not matched by --itt-config option): __itt_sync_createA

12508 : 0x363ff68c3 : 2 : ittapi_config_apply_per_lib :  ITTAPI function NOT instrumented (not matched by --itt-config option): __itt_sync_createW

12508 : 0x363ff68de : 2 : ittapi_config_apply_per_lib :  ITTAPI function NOT instrumented (not matched by --itt-config option): __itt_sync_renameA

12508 : 0x363ff68f8 : 2 : ittapi_config_apply_per_lib :  ITTAPI function NOT instrumented (not matched by --itt-config option): __itt_sync_renameW

12508 : 0x363ff6913 : 2 : ittapi_config_apply_per_lib :  ITTAPI function NOT instrumented (not matched by --itt-config option): __itt_sync_destroy

12508 : 0x363ff692d : 2 : ittapi_config_apply_per_lib :  ITTAPI function NOT instrumented (not matched by --itt-config option): __itt_sync_prepare

12508 : 0x363ff6947 : 2 : ittapi_config_apply_per_lib :  ITTAPI function NOT instrumented (not matched by --itt-config option): __itt_sync_cancel

12508 : 0x363ff6961 : 2 : ittapi_config_apply_per_lib :  ITTAPI function NOT instrumented (not matched by --itt-config option): __itt_sync_acquired

12508 : 0x363ff6997 : 2 : ittapi_config_apply_per_lib :  ITTAPI function NOT instrumented (not matched by --itt-config option): __itt_sync_releasing

12508 : 0x363ff69b7 : 2 : ittapi_config_apply_per_lib :  ITTAPI function not implemented: __itt_suppress_push
12508 : 0x363ff69ce : 2 : ittapi_config_apply_per_lib :  ITTAPI function not implemented: __itt_suppress_pop
12508 : 0x363ff69e6 : 2 : ittapi_config_apply_per_lib :  ITTAPI function not implemented: __itt_suppress_mark_range
12508 : 0x363ff69fd : 2 : ittapi_config_apply_per_lib :  ITTAPI function not implemented: __itt_suppress_clear_range
12508 : 0x363ff6a11 : 2 : ittapi_config_apply_per_lib :  ITTAPI function NOT instrumented (not matched by --itt-config option): __itt_sync_prepare

12508 : 0x363ff6a2c : 2 : ittapi_config_apply_per_lib :  ITTAPI function NOT instrumented (not matched by --itt-config option): __itt_sync_cancel

12508 : 0x363ff6a47 : 2 : ittapi_config_apply_per_lib :  ITTAPI function NOT instrumented (not matched by --itt-config option): __itt_sync_acquired

12508 : 0x363ff6a61 : 2 : ittapi_config_apply_per_lib :  ITTAPI function NOT instrumented (not matched by --itt-config option): __itt_sync_releasing

12508 : 0x363ff6a7d : 2 : ittapi_config_apply_per_lib :  ITTAPI function NOT instrumented (not matched by --itt-config option): __itt_model_site_begin

12508 : 0x363ff6bf0 : 2 : ittapi_config_apply_per_lib :  ITTAPI function NOT instrumented (not matched by --itt-config option): __itt_model_site_end

12508 : 0x363ff6c0f : 2 : ittapi_config_apply_per_lib :  ITTAPI function NOT instrumented (not matched by --itt-config option): __itt_model_task_begin

12508 : 0x363ff6c2b : 2 : ittapi_config_apply_per_lib :  ITTAPI function NOT instrumented (not matched by --itt-config option): __itt_model_task_end

12508 : 0x363ff6c45 : 2 : ittapi_config_apply_per_lib :  ITTAPI function NOT instrumented (not matched by --itt-config option): __itt_model_lock_acquire

12508 : 0x363ff6c61 : 2 : ittapi_config_apply_per_lib :  ITTAPI function NOT instrumented (not matched by --itt-config option): __itt_model_lock_release

12508 : 0x363ff6c7c : 2 : ittapi_config_apply_per_lib :  ITTAPI function NOT instrumented (not matched by --itt-config option): __itt_model_record_allocation

12508 : 0x363ff6c97 : 2 : ittapi_config_apply_per_lib :  ITTAPI function NOT instrumented (not matched by --itt-config option): __itt_model_record_deallocation

12508 : 0x363ff6cb2 : 2 : ittapi_config_apply_per_lib :  ITTAPI function NOT instrumented (not matched by --itt-config option): __itt_model_induction_uses

12508 : 0x363ff6ccd : 2 : ittapi_config_apply_per_lib :  ITTAPI function NOT instrumented (not matched by --itt-config option): __itt_model_reduction_uses

12508 : 0x363ff6ce9 : 2 : ittapi_config_apply_per_lib :  ITTAPI function NOT instrumented (not matched by --itt-config option): __itt_model_observe_uses

12508 : 0x363ff6d30 : 2 : ittapi_config_apply_per_lib :  ITTAPI function NOT instrumented (not matched by --itt-config option): __itt_model_clear_uses

12508 : 0x363ff6d4b : 2 : ittapi_config_apply_per_lib :  ITTAPI function NOT instrumented (not matched by --itt-config option): __itt_model_site_beginW

12508 : 0x363ff6d65 : 2 : ittapi_config_apply_per_lib :  ITTAPI function NOT instrumented (not matched by --itt-config option): __itt_model_task_beginW

12508 : 0x363ff6d80 : 2 : ittapi_config_apply_per_lib :  ITTAPI function NOT instrumented (not matched by --itt-config option): __itt_model_iteration_taskW

12508 : 0x363ff6d9b : 2 : ittapi_config_apply_per_lib :  ITTAPI function NOT instrumented (not matched by --itt-config option): __itt_model_site_beginA

12508 : 0x363ff6db6 : 2 : ittapi_config_apply_per_lib :  ITTAPI function NOT instrumented (not matched by --itt-config option): __itt_model_site_beginAL

12508 : 0x363ff6dd0 : 2 : ittapi_config_apply_per_lib :  ITTAPI function NOT instrumented (not matched by --itt-config option): __itt_model_task_beginA

12508 : 0x363ff6deb : 2 : ittapi_config_apply_per_lib :  ITTAPI function NOT instrumented (not matched by --itt-config option): __itt_model_task_beginAL

12508 : 0x363ff6e06 : 2 : ittapi_config_apply_per_lib :  ITTAPI function NOT instrumented (not matched by --itt-config option): __itt_model_iteration_taskA

12508 : 0x363ff6e21 : 2 : ittapi_config_apply_per_lib :  ITTAPI function NOT instrumented (not matched by --itt-config option): __itt_model_iteration_taskAL

12508 : 0x363ff6f5b : 2 : ittapi_config_apply_per_lib :  ITTAPI function NOT instrumented (not matched by --itt-config option): __itt_model_site_end_2

12508 : 0x363ff6f7b : 2 : ittapi_config_apply_per_lib :  ITTAPI function NOT instrumented (not matched by --itt-config option): __itt_model_task_end_2

12508 : 0x363ff6f95 : 2 : ittapi_config_apply_per_lib :  ITTAPI function NOT instrumented (not matched by --itt-config option): __itt_model_lock_acquire_2

12508 : 0x363ff6fb0 : 2 : ittapi_config_apply_per_lib :  ITTAPI function NOT instrumented (not matched by --itt-config option): __itt_model_lock_release_2

12508 : 0x363ff6fcb : 2 : ittapi_config_apply_per_lib :  ITTAPI function NOT instrumented (not matched by --itt-config option): __itt_model_aggregate_task

12508 : 0x363ff6fe5 : 2 : ittapi_config_apply_per_lib :  ITTAPI function NOT instrumented (not matched by --itt-config option): __itt_model_disable_push

12508 : 0x363ff701e : 2 : ittapi_config_apply_per_lib :  ITTAPI function NOT instrumented (not matched by --itt-config option): __itt_model_disable_pop

12508 : 0x363ff7042 : 2 : ittapi_config_apply_per_lib :  ITTAPI function instrumented: __itt_heap_function_createA
12508 : 0x363ff7057 : 2 : ittapi_config_apply_per_lib :  ITTAPI function instrumented: __itt_heap_function_createW
12508 : 0x363ff706c : 2 : ittapi_config_apply_per_lib :  ITTAPI function instrumented: __itt_heap_allocate_begin
12508 : 0x363ff70ae : 2 : ittapi_config_apply_per_lib :  ITTAPI function instrumented: __itt_heap_allocate_end
12508 : 0x363ff70c4 : 2 : ittapi_config_apply_per_lib :  ITTAPI function instrumented: __itt_heap_free_begin
12508 : 0x363ff70da : 2 : ittapi_config_apply_per_lib :  ITTAPI function instrumented: __itt_heap_free_end
12508 : 0x363ff70f0 : 2 : ittapi_config_apply_per_lib :  ITTAPI function instrumented: __itt_heap_reallocate_begin
12508 : 0x363ff7104 : 2 : ittapi_config_apply_per_lib :  ITTAPI function instrumented: __itt_heap_reallocate_end
12508 : 0x363ff711b : 2 : ittapi_config_apply_per_lib :  ITTAPI function not implemented: __itt_heap_internal_access_begin
12508 : 0x363ff7133 : 2 : ittapi_config_apply_per_lib :  ITTAPI function not implemented: __itt_heap_internal_access_end
12508 : 0x363ff714a : 2 : ittapi_config_apply_per_lib :  ITTAPI function not implemented: __itt_heap_record_memory_growth_begin
12508 : 0x363ff7161 : 2 : ittapi_config_apply_per_lib :  ITTAPI function not implemented: __itt_heap_record_memory_growth_end
12508 : 0x363ff7177 : 2 : ittapi_config_apply_per_lib :  ITTAPI function not implemented: __itt_heap_reset_detection
12508 : 0x363ff71a8 : 2 : ittapi_config_apply_per_lib :  ITTAPI function not implemented: __itt_heap_record
12508 : 0x363ff71c0 : 2 : ittapi_config_apply_per_lib :  ITTAPI function not implemented: __itt_id_create
12508 : 0x363ff71d6 : 2 : ittapi_config_apply_per_lib :  ITTAPI function not implemented: __itt_id_destroy
12508 : 0x363ff71ec : 2 : ittapi_config_apply_per_lib :  ITTAPI function instrumented: __itt_get_timestamp
12508 : 0x363ff7202 : 2 : ittapi_config_apply_per_lib :  ITTAPI function not implemented: __itt_region_begin
12508 : 0x363ff7219 : 2 : ittapi_config_apply_per_lib :  ITTAPI function not implemented: __itt_region_end
12508 : 0x363ff722f : 2 : ittapi_config_apply_per_lib :  ITTAPI function instrumented: __itt_frame_begin_v3
12508 : 0x363ff7244 : 2 : ittapi_config_apply_per_lib :  ITTAPI function instrumented: __itt_frame_end_v3
12508 : 0x363ff725a : 2 : ittapi_config_apply_per_lib :  ITTAPI function instrumented: __itt_frame_submit_v3
12508 : 0x363ff7271 : 2 : ittapi_config_apply_per_lib :  ITTAPI function not implemented: __itt_task_group
12508 : 0x363ff72b4 : 2 : ittapi_config_apply_per_lib :  ITTAPI function instrumented: __itt_task_begin
12508 : 0x363ff72cb : 2 : ittapi_config_apply_per_lib :  ITTAPI function instrumented: __itt_task_begin_fn
12508 : 0x363ff72e1 : 2 : ittapi_config_apply_per_lib :  ITTAPI function instrumented: __itt_task_end
12508 : 0x363ff72f8 : 2 : ittapi_config_apply_per_lib :  ITTAPI function not implemented: __itt_counter_inc_v3
12508 : 0x363ff7310 : 2 : ittapi_config_apply_per_lib :  ITTAPI function not implemented: __itt_counter_inc_delta_v3
12508 : 0x363ff7327 : 2 : ittapi_config_apply_per_lib :  ITTAPI function not implemented: __itt_counter_dec_v3
12508 : 0x363ff733e : 2 : ittapi_config_apply_per_lib :  ITTAPI function not implemented: __itt_counter_dec_delta_v3
12508 : 0x363ff7355 : 2 : ittapi_config_apply_per_lib :  ITTAPI function not implemented: __itt_marker
12508 : 0x363ff736a : 2 : ittapi_config_apply_per_lib :  ITTAPI function instrumented: __itt_metadata_add
12508 : 0x363ff7380 : 2 : ittapi_config_apply_per_lib :  ITTAPI function not implemented: __itt_metadata_str_addA
12508 : 0x363ff73be : 2 : ittapi_config_apply_per_lib :  ITTAPI function not implemented: __itt_metadata_str_addW
12508 : 0x363ff73d7 : 2 : ittapi_config_apply_per_lib :  ITTAPI function not implemented: __itt_relation_add_to_current
12508 : 0x363ff73ee : 2 : ittapi_config_apply_per_lib :  ITTAPI function not implemented: __itt_relation_add
12508 : 0x363ff7403 : 2 : ittapi_config_apply_per_lib :  ITTAPI function instrumented: __itt_event_createA
12508 : 0x363ff7417 : 2 : ittapi_config_apply_per_lib :  ITTAPI function instrumented: __itt_event_createW
12508 : 0x363ff742e : 2 : ittapi_config_apply_per_lib :  ITTAPI function instrumented: __itt_event_start
12508 : 0x363ff7444 : 2 : ittapi_config_apply_per_lib :  ITTAPI function instrumented: __itt_event_end
12508 : 0x363ff7456 : 2 : ittapi_config_apply_per_lib :  ITTAPI function NOT instrumented (not matched by --itt-config option): __itt_sync_set_nameA

12508 : 0x363ff7470 : 2 : ittapi_config_apply_per_lib :  ITTAPI function NOT instrumented (not matched by --itt-config option): __itt_sync_set_nameW

12508 : 0x363ff748b : 2 : ittapi_config_apply_per_lib :  ITTAPI function NOT instrumented (not matched by --itt-config option): __itt_notify_sync_nameA

12508 : 0x363ff74c5 : 2 : ittapi_config_apply_per_lib :  ITTAPI function NOT instrumented (not matched by --itt-config option): __itt_notify_sync_nameW

12508 : 0x363ff74e0 : 2 : ittapi_config_apply_per_lib :  ITTAPI function NOT instrumented (not matched by --itt-config option): __itt_notify_sync_prepare

12508 : 0x363ff74fc : 2 : ittapi_config_apply_per_lib :  ITTAPI function NOT instrumented (not matched by --itt-config option): __itt_notify_sync_cancel

12508 : 0x363ff7516 : 2 : ittapi_config_apply_per_lib :  ITTAPI function NOT instrumented (not matched by --itt-config option): __itt_notify_sync_acquired

12508 : 0x363ff7530 : 2 : ittapi_config_apply_per_lib :  ITTAPI function NOT instrumented (not matched by --itt-config option): __itt_notify_sync_releasing

12508 : 0x363ff754f : 2 : ittapi_config_apply_per_lib :  ITTAPI function not implemented: __itt_memory_read
12508 : 0x363ff7566 : 2 : ittapi_config_apply_per_lib :  ITTAPI function not implemented: __itt_memory_write
12508 : 0x363ff757b : 2 : ittapi_config_apply_per_lib :  ITTAPI function not implemented: __itt_memory_update
12508 : 0x363ff7592 : 2 : ittapi_config_apply_per_lib :  ITTAPI function not implemented: __itt_state_get
12508 : 0x363ff75a8 : 2 : ittapi_config_apply_per_lib :  ITTAPI function not implemented: __itt_state_set
12508 : 0x363ff75d9 : 2 : ittapi_config_apply_per_lib :  ITTAPI function not implemented: __itt_obj_mode_set
12508 : 0x363ff75f1 : 2 : ittapi_config_apply_per_lib :  ITTAPI function not implemented: __itt_thr_mode_set
12508 : 0x363ff7607 : 2 : ittapi_config_apply_per_lib :  ITTAPI function instrumented: __itt_frame_createA
12508 : 0x363ff761b : 2 : ittapi_config_apply_per_lib :  ITTAPI function instrumented: __itt_frame_createW
12508 : 0x363ff762f : 2 : ittapi_config_apply_per_lib :  ITTAPI function instrumented: __itt_pt_region_createA
12508 : 0x363ff7644 : 2 : ittapi_config_apply_per_lib :  ITTAPI function instrumented: __itt_pt_region_createW
12508 : 0x363ff7659 : 2 : ittapi_config_apply_per_lib :  ITTAPI function instrumented: __itt_frame_begin
12508 : 0x363ff766f : 2 : ittapi_config_apply_per_lib :  ITTAPI function instrumented: __itt_frame_end
12508 : 0x363ff7685 : 2 : ittapi_config_apply_per_lib :  ITTAPI function not implemented: __itt_counter_destroy
12508 : 0x363ff769b : 2 : ittapi_config_apply_per_lib :  ITTAPI function instrumented: __itt_counter_inc
12508 : 0x363ff76d3 : 2 : ittapi_config_apply_per_lib :  ITTAPI function instrumented: __itt_counter_inc_delta
12508 : 0x363ff76e9 : 2 : ittapi_config_apply_per_lib :  ITTAPI function instrumented: __itt_counter_dec
12508 : 0x363ff76fe : 2 : ittapi_config_apply_per_lib :  ITTAPI function instrumented: __itt_counter_dec_delta
12508 : 0x363ff7713 : 2 : ittapi_config_apply_per_lib :  ITTAPI function instrumented: __itt_counter_set_value
12508 : 0x363ff7729 : 2 : ittapi_config_apply_per_lib :  ITTAPI function not implemented: __itt_counter_set_value_ex
12508 : 0x363ff7740 : 2 : ittapi_config_apply_per_lib :  ITTAPI function not implemented: __itt_mark_createA
12508 : 0x363ff7756 : 2 : ittapi_config_apply_per_lib :  ITTAPI function not implemented: __itt_mark_createW
12508 : 0x363ff776b : 2 : ittapi_config_apply_per_lib :  ITTAPI function not implemented: __itt_markA
12508 : 0x363ff7782 : 2 : ittapi_config_apply_per_lib :  ITTAPI function not implemented: __itt_markW
12508 : 0x363ff7798 : 2 : ittapi_config_apply_per_lib :  ITTAPI function not implemented: __itt_mark_off
12508 : 0x363ff77d2 : 2 : ittapi_config_apply_per_lib :  ITTAPI function not implemented: __itt_mark_globalA
12508 : 0x363ff77e8 : 2 : ittapi_config_apply_per_lib :  ITTAPI function not implemented: __itt_mark_globalW
12508 : 0x363ff77fe : 2 : ittapi_config_apply_per_lib :  ITTAPI function not implemented: __itt_mark_global_off
12508 : 0x363ff7813 : 2 : ittapi_config_apply_per_lib :  ITTAPI function NOT instrumented (not matched by --itt-config option): __itt_stack_caller_create

12508 : 0x363ff782e : 2 : ittapi_config_apply_per_lib :  ITTAPI function NOT instrumented (not matched by --itt-config option): __itt_stack_caller_destroy

12508 : 0x363ff7849 : 2 : ittapi_config_apply_per_lib :  ITTAPI function NOT instrumented (not matched by --itt-config option): __itt_stack_callee_enter

12508 : 0x363ff7864 : 2 : ittapi_config_apply_per_lib :  ITTAPI function NOT instrumented (not matched by --itt-config option): __itt_stack_callee_leave

12508 : 0x363ff7882 : 2 : ittapi_config_apply_per_lib :  ITTAPI function not implemented: __itt_clock_domain_create
12508 : 0x363ff7898 : 2 : ittapi_config_apply_per_lib :  ITTAPI function not implemented: __itt_clock_domain_reset
12508 : 0x363ff78ae : 2 : ittapi_config_apply_per_lib :  ITTAPI function not implemented: __itt_id_create_ex
12508 : 0x363ff78df : 2 : ittapi_config_apply_per_lib :  ITTAPI function not implemented: __itt_id_destroy_ex
12508 : 0x363ff78f8 : 2 : ittapi_config_apply_per_lib :  ITTAPI function not implemented: __itt_task_begin_ex
12508 : 0x363ff790f : 2 : ittapi_config_apply_per_lib :  ITTAPI function not implemented: __itt_task_begin_fn_ex
12508 : 0x363ff7927 : 2 : ittapi_config_apply_per_lib :  ITTAPI function not implemented: __itt_task_end_ex
12508 : 0x363ff793c : 2 : ittapi_config_apply_per_lib :  ITTAPI function instrumented: __itt_task_begin_overlapped
12508 : 0x363ff7953 : 2 : ittapi_config_apply_per_lib :  ITTAPI function not implemented: __itt_task_begin_overlapped_ex
12508 : 0x363ff7969 : 2 : ittapi_config_apply_per_lib :  ITTAPI function instrumented: __itt_task_end_overlapped
12508 : 0x363ff797f : 2 : ittapi_config_apply_per_lib :  ITTAPI function not implemented: __itt_task_end_overlapped_ex
12508 : 0x363ff7995 : 2 : ittapi_config_apply_per_lib :  ITTAPI function not implemented: __itt_marker_ex
12508 : 0x363ff79ac : 2 : ittapi_config_apply_per_lib :  ITTAPI function not implemented: __itt_metadata_add_with_scope
12508 : 0x363ff79dd : 2 : ittapi_config_apply_per_lib :  ITTAPI function not implemented: __itt_metadata_str_add_with_scopeA
12508 : 0x363ff79f6 : 2 : ittapi_config_apply_per_lib :  ITTAPI function not implemented: __itt_metadata_str_add_with_scopeW
12508 : 0x363ff7a0d : 2 : ittapi_config_apply_per_lib :  ITTAPI function not implemented: __itt_relation_add_to_current_ex
12508 : 0x363ff7a24 : 2 : ittapi_config_apply_per_lib :  ITTAPI function not implemented: __itt_relation_add_ex
12508 : 0x363ff7a3b : 2 : ittapi_config_apply_per_lib :  ITTAPI function not implemented: __itt_track_group_create
12508 : 0x363ff7a52 : 2 : ittapi_config_apply_per_lib :  ITTAPI function not implemented: __itt_track_create
12508 : 0x363ff7a69 : 2 : ittapi_config_apply_per_lib :  ITTAPI function not implemented: __itt_set_track
12508 : 0x363ff7a7f : 2 : ittapi_config_apply_per_lib :  ITTAPI function instrumented: __itt_api_version
12508 : 0x363ff7a96 : 2 : ittapi_config_apply_per_lib :  ITTAPI function not implemented: __itt_av_saveA
12508 : 0x363ff7aac : 2 : ittapi_config_apply_per_lib :  ITTAPI function not implemented: __itt_av_saveW
12508 : 0x363ff7ae4 : 2 : ittapi_config_apply_per_lib :  ITTAPI function instrumented: __itt_module_loadA
12508 : 0x363ff7afa : 2 : ittapi_config_apply_per_lib :  ITTAPI function instrumented: __itt_module_loadW